200
3 3

0 UnifLin

-1 0 0 
1 0 0 
0 0 0 

1 2 0  1  
1 2 0  2  
1 2 2  1  

2 0 0 
-1 -1 0 
4 4

13 Lin002

-1 0 0 
1 0 0 
-0.3 0 0 
0.3 0 0 

1 2 0  1  
1 2 0  2  
1 2 2  3  
1 2 3  1  

2 13 13 
-1 -1 13 
4 4

18 Lin002

-1 0 0 
1 0 0 
-0.6 0 0 
0.6 0 0 

1 2 0  1  
1 2 0  2  
1 2 2  3  
1 2 3  1  

2 18 18 
-1 -1 18 
4 4

29 Lin002

-1 0 0 
1 0 0 
0.5 0 0 
-0.5 0 0 

1 2 0  1  
1 2 2  1  
1 2 3  2  
1 2 0  3  

2 29 29 
-1 -1 29 
6 5

1 UnifTri

0 0 0 
1 0 0 
0 1 0 
0.5 0 0 
0.5 0.5 0 
0 0.5 0 

2 3 0  1  2  
2 3 0  3  5  
2 3 3  1  4  
2 3 5  4  2  
2 3 4  5  3  

6 1 1 1 1 1 1 
-1 -1 -1 0 0 0 1 
4 4

48 Tri0000001

0 0 0 
1 0 0 
0 1 0 
0.333333 0.333333 0 

2 3 0  1  2  
2 3 0  1  3  
2 3 1  2  3  
2 3 0  3  2  

6 48 48 48 48 48 48 
-1 -1 -1 -1 -1 -1 48 
5 3

49 Tri0001100

0 0 0 
1 0 0 
0 1 0 
0.5 0 0 
0.5 0.5 0 

2 3 0  1  2  
3 4 0  3  4  2  
2 3 3  1  4  

6 49 0 0 51 50 49 
-1 -1 -1 0 0 -1 49 
5 3

50 Tri0000110

0 0 0 
0 1 0 
1 0 0 
0 0.5 0 
0.5 0.5 0 

2 3 0  2  1  
3 4 0  3  4  2  
2 3 3  1  4  

0 
-1 -1 -1 -1 0 0 50 
5 3

51 Tri0001010

1 0 0 
0 0 0 
0 1 0 
0.5 0 0 
0 0.5 0 

2 3 1  0  2  
3 4 0  3  4  2  
2 3 3  1  4  

0 
-1 -1 -1 0 -1 0 51 
4 3

111 Tri0000010

0 0 0 
1 0 0 
0 1 0 
0 0.5 0 

2 3 0  1  2  
2 3 3  1  2  
2 3 0  1  3  

6 111 0 0 113 112 111 
-1 -1 -1 -1 -1 0 111 
4 3

112 Tri0001000

0 0 0 
0 1 0 
1 0 0 
0.5 0 0 

2 3 0  2  1  
2 3 3  1  2  
2 3 0  1  3  

0 
-1 -1 -1 0 -1 -1 112 
4 3

113 Tri0000100

1 0 0 
0 0 0 
0 1 0 
0.5 0.5 0 

2 3 1  0  2  
2 3 3  1  2  
2 3 0  1  3  

0 
-1 -1 -1 -1 0 -1 113 
9 5

2 UnifQua

-1 -1 0 
1 -1 0 
1 1 0 
-1 1 0 
0 -1 0 
1 0 0 
0 1 0 
-1 0 0 
0 0 0 

3 4 0  1  2  3  
3 4 0  4  8  7  
3 4 4  1  5  8  
3 4 8  5  2  6  
3 4 7  8  6  3  

8 2 2 2 2 2 2 2 2 
-1 -1 -1 -1 0 0 0 0 2 
5 4

9 Qua000010000

-1 -1 0 
1 -1 0 
1 1 0 
-1 1 0 
0 -1 0 

3 4 0  1  2  3  
2 3 0  4  3  
2 3 1  2  4  
2 3 2  3  4  

8 9 0 9 10 0 0 11 12 
-1 -1 -1 -1 0 -1 -1 -1 9 
5 4

10 Qua000000010

-1 -1 0 
-1 1 0 
1 1 0 
1 -1 0 
-1 0 0 

3 4 0  3  2  1  
2 3 0  4  3  
2 3 1  2  4  
2 3 2  3  4  

0 
-1 -1 -1 -1 -1 -1 -1 0 10 
5 4

11 Qua000001000

1 1 0 
1 -1 0 
-1 -1 0 
-1 1 0 
1 0 0 

3 4 2  1  0  3  
2 3 0  4  3  
2 3 1  2  4  
2 3 2  3  4  

0 
-1 -1 -1 -1 -1 0 -1 -1 11 
5 4

12 Qua000000100

1 1 0 
-1 1 0 
-1 -1 0 
1 -1 0 
0 1 0 

3 4 2  3  0  1  
2 3 0  4  3  
2 3 1  2  4  
2 3 2  3  4  

0 
-1 -1 -1 -1 -1 -1 0 -1 12 
6 4

14 Qua000020000

-1 -1 0 
1 -1 0 
1 1 0 
-1 1 0 
-0.3 -1 0 
0.3 -1 0 

3 4 0  1  2  3  
2 3 0  4  3  
3 4 4  5  2  3  
2 3 1  2  5  

8 14 0 14 15 0 0 16 17 
-1 -1 -1 -1 13 -1 -1 -1 14 
6 4

15 Qua000000020

-1 -1 0 
-1 1 0 
1 1 0 
1 -1 0 
-1 -0.3 0 
-1 0.3 0 

3 4 0  3  2  1  
2 3 0  4  3  
3 4 4  5  2  3  
2 3 1  2  5  

0 
-1 -1 -1 -1 -1 -1 -1 13 15 
6 4

16 Qua000002000

1 1 0 
1 -1 0 
-1 -1 0 
-1 1 0 
1 0.3 0 
1 -0.3 0 

3 4 2  1  0  3  
2 3 0  4  3  
3 4 4  5  2  3  
2 3 1  2  5  

0 
-1 -1 -1 -1 -1 13 -1 -1 16 
6 4

17 Qua000000200

1 1 0 
-1 1 0 
-1 -1 0 
1 -1 0 
0.3 1 0 
-0.3 1 0 

3 4 2  3  0  1  
2 3 0  4  3  
3 4 4  5  2  3  
2 3 1  2  5  

0 
-1 -1 -1 -1 -1 -1 13 -1 17 
8 5

19 Qua000022000

-1 -1 0 
1 -1 0 
1 1 0 
-1 1 0 
-0.6 -1 0 
0.6 -1 0 
1 -0.6 0 
1 0.6 0 

3 4 0  1  2  3  
2 3 3  0  2  
3 4 4  7  2  0  
3 4 5  6  7  4  
2 3 1  6  5  

8 19 0 0 21 19 20 0 22 
-1 -1 -1 -1 18 18 -1 -1 19 
8 5

20 Qua000000220

-1 -1 0 
-1 1 0 
1 1 0 
1 -1 0 
-1 -0.6 0 
-1 0.6 0 
-0.6 1 0 
0.6 1 0 

3 4 0  3  2  1  
2 3 3  0  2  
3 4 4  7  2  0  
3 4 5  6  7  4  
2 3 1  6  5  

0 
-1 -1 -1 -1 -1 -1 18 18 20 
8 5

21 Qua000020020

1 -1 0 
-1 -1 0 
-1 1 0 
1 1 0 
0.6 -1 0 
-0.6 -1 0 
-1 -0.6 0 
-1 0.6 0 

3 4 1  0  3  2  
2 3 3  0  2  
3 4 4  7  2  0  
3 4 5  6  7  4  
2 3 1  6  5  

0 
-1 -1 -1 -1 18 -1 -1 18 21 
8 5

22 Qua000002200

1 -1 0 
1 1 0 
-1 1 0 
-1 -1 0 
1 -0.6 0 
1 0.6 0 
0.6 1 0 
-0.6 1 0 

3 4 3  0  1  2  
2 3 3  0  2  
3 4 4  7  2  0  
3 4 5  6  7  4  
2 3 1  6  5  

0 
-1 -1 -1 -1 -1 18 18 -1 22 
8 4

23 Qua000020200

-1 -1 0 
1 -1 0 
1 1 0 
-1 1 0 
-0.6 -1 0 
0.6 -1 0 
0.6 1 0 
-0.6 1 0 

3 4 0  1  2  3  
3 4 0  4  7  3  
3 4 4  5  6  7  
3 4 5  1  2  6  

8 23 0 23 24 24 23 24 23 
-1 -1 -1 -1 18 -1 18 -1 23 
8 4

24 Qua000002020

-1 -1 0 
-1 1 0 
1 1 0 
1 -1 0 
-1 -0.6 0 
-1 0.6 0 
1 0.6 0 
1 -0.6 0 

3 4 0  3  2  1  
3 4 0  4  7  3  
3 4 4  5  6  7  
3 4 5  1  2  6  

0 
-1 -1 -1 -1 -1 18 -1 18 24 
6 5

25 Qua000011000

-1 -1 0 
1 -1 0 
1 1 0 
-1 1 0 
0 -1 0 
1 0 0 

3 4 0  1  2  3  
2 3 0  4  3  
2 3 4  1  5  
2 3 2  3  5  
2 3 3  4  5  

8 25 0 0 27 25 26 0 28 
-1 -1 -1 -1 0 0 -1 -1 25 
6 5

26 Qua000000110

-1 -1 0 
-1 1 0 
1 1 0 
1 -1 0 
-1 0 0 
0 1 0 

3 4 0  3  2  1  
2 3 0  4  3  
2 3 4  1  5  
2 3 2  3  5  
2 3 3  4  5  

0 
-1 -1 -1 -1 -1 -1 0 0 26 
6 5

27 Qua000010010

1 -1 0 
-1 -1 0 
-1 1 0 
1 1 0 
0 -1 0 
-1 0 0 

3 4 1  0  3  2  
2 3 0  4  3  
2 3 4  1  5  
2 3 2  3  5  
2 3 3  4  5  

0 
-1 -1 -1 -1 0 -1 -1 0 27 
6 5

28 Qua000001100

1 -1 0 
1 1 0 
-1 1 0 
-1 -1 0 
1 0 0 
0 1 0 

3 4 3  0  1  2  
2 3 0  4  3  
2 3 4  1  5  
2 3 2  3  5  
2 3 3  4  5  

0 
-1 -1 -1 -1 -1 0 0 -1 28 
8 5

30 Qua000012010

-1 -1 0 
1 -1 0 
1 1 0 
-1 1 0 
0 -1 0 
1 -0.5 0 
1 0.5 0 
-1 0 0 

3 4 0  1  2  3  
3 4 3  7  6  2  
3 4 4  5  6  7  
2 3 0  4  7  
2 3 1  5  4  

8 30 0 0 0 0 0 0 0 
-1 -1 -1 -1 0 29 -1 0 30 
8 5

31 Qua000010210

-1 -1 0 
-1 1 0 
1 1 0 
1 -1 0 
-1 0 0 
-0.5 1 0 
0.5 1 0 
0 -1 0 

3 4 0  3  2  1  
3 4 3  7  6  2  
3 4 4  5  6  7  
2 3 0  4  7  
2 3 1  5  4  

0 
-1 -1 -1 -1 0 -1 29 0 31 
8 5

32 Qua000011020

1 -1 0 
-1 -1 0 
-1 1 0 
1 1 0 
0 -1 0 
-1 -0.5 0 
-1 0.5 0 
1 0 0 

3 4 1  0  3  2  
3 4 3  7  6  2  
3 4 4  5  6  7  
2 3 0  4  7  
2 3 1  5  4  

0 
-1 -1 -1 -1 0 0 -1 29 32 
8 5

33 Qua000020110

-1 1 0 
-1 -1 0 
1 -1 0 
1 1 0 
-1 0 0 
-0.5 -1 0 
0.5 -1 0 
0 1 0 

3 4 1  2  3  0  
3 4 3  7  6  2  
3 4 4  5  6  7  
2 3 0  4  7  
2 3 1  5  4  

0 
-1 -1 -1 -1 29 -1 0 0 33 
8 5

34 Qua000021100

1 1 0 
1 -1 0 
-1 -1 0 
-1 1 0 
1 0 0 
0.5 -1 0 
-0.5 -1 0 
0 1 0 

3 4 2  1  0  3  
3 4 3  7  6  2  
3 4 4  5  6  7  
2 3 0  4  7  
2 3 1  5  4  

0 
-1 -1 -1 -1 29 0 0 -1 34 
8 5

35 Qua000001120

1 1 0 
-1 1 0 
-1 -1 0 
1 -1 0 
0 1 0 
-1 0.5 0 
-1 -0.5 0 
1 0 0 

3 4 2  3  0  1  
3 4 3  7  6  2  
3 4 4  5  6  7  
2 3 0  4  7  
2 3 1  5  4  

0 
-1 -1 -1 -1 -1 0 0 29 35 
8 5

36 Qua000011200

1 -1 0 
1 1 0 
-1 1 0 
-1 -1 0 
1 0 0 
0.5 1 0 
-0.5 1 0 
0 -1 0 

3 4 3  0  1  2  
3 4 3  7  6  2  
3 4 4  5  6  7  
2 3 0  4  7  
2 3 1  5  4  

0 
-1 -1 -1 -1 0 0 29 -1 36 
8 5

37 Qua000002110

-1 1 0 
1 1 0 
1 -1 0 
-1 -1 0 
0 1 0 
1 0.5 0 
1 -0.5 0 
-1 0 0 

3 4 3  2  1  0  
3 4 3  7  6  2  
3 4 4  5  6  7  
2 3 0  4  7  
2 3 1  5  4  

0 
-1 -1 -1 -1 -1 29 0 0 37 
8 5

38 Qua000012100

-1 -1 0 
1 -1 0 
1 1 0 
-1 1 0 
0 -1 0 
1 -0.5 0 
1 0.5 0 
0 1 0 

3 4 0  1  2  3  
3 4 0  4  7  3  
3 4 4  5  6  7  
2 3 1  5  4  
2 3 2  7  6  

8 38 0 0 0 41 40 39 38 
-1 -1 -1 -1 0 29 0 -1 38 
8 5

39 Qua000001210

-1 -1 0 
-1 1 0 
1 1 0 
1 -1 0 
-1 0 0 
-0.5 1 0 
0.5 1 0 
1 0 0 

3 4 0  3  2  1  
3 4 0  4  7  3  
3 4 4  5  6  7  
2 3 1  5  4  
2 3 2  7  6  

0 
-1 -1 -1 -1 -1 0 29 0 39 
8 5

40 Qua000010120

1 -1 0 
-1 -1 0 
-1 1 0 
1 1 0 
0 -1 0 
-1 -0.5 0 
-1 0.5 0 
0 1 0 

3 4 1  0  3  2  
3 4 0  4  7  3  
3 4 4  5  6  7  
2 3 1  5  4  
2 3 2  7  6  

0 
-1 -1 -1 -1 0 -1 0 29 40 
8 5

41 Qua000021010

-1 1 0 
-1 -1 0 
1 -1 0 
1 1 0 
-1 0 0 
-0.5 -1 0 
0.5 -1 0 
1 0 0 

3 4 1  2  3  0  
3 4 0  4  7  3  
3 4 4  5  6  7  
2 3 1  5  4  
2 3 2  7  6  

0 
-1 -1 -1 -1 29 0 -1 0 41 
7 5

42 Qua000011100

-1 -1 0 
1 -1 0 
1 1 0 
-1 1 0 
0 -1 0 
1 0 0 
0 1 0 

3 4 0  1  2  3  
3 4 0  4  6  3  
2 3 4  1  5  
2 3 5  2  6  
2 3 4  5  6  

8 42 0 0 0 45 44 43 42 
-1 -1 -1 -1 0 0 0 -1 42 
7 5

43 Qua000001110

-1 -1 0 
-1 1 0 
1 1 0 
1 -1 0 
-1 0 0 
0 1 0 
1 0 0 

3 4 0  3  2  1  
3 4 0  4  6  3  
2 3 4  1  5  
2 3 5  2  6  
2 3 4  5  6  

0 
-1 -1 -1 -1 -1 0 0 0 43 
7 5

44 Qua000010110

1 -1 0 
-1 -1 0 
-1 1 0 
1 1 0 
0 -1 0 
-1 0 0 
0 1 0 

3 4 1  0  3  2  
3 4 0  4  6  3  
2 3 4  1  5  
2 3 5  2  6  
2 3 4  5  6  

0 
-1 -1 -1 -1 0 -1 0 0 44 
7 5

45 Qua000011010

-1 1 0 
-1 -1 0 
1 -1 0 
1 1 0 
-1 0 0 
0 -1 0 
1 0 0 

3 4 1  2  3  0  
3 4 0  4  6  3  
2 3 4  1  5  
2 3 5  2  6  
2 3 4  5  6  

0 
-1 -1 -1 -1 0 0 -1 0 45 
6 3

46 Qua000010100

-1 -1 0 
1 -1 0 
1 1 0 
-1 1 0 
0 -1 0 
0 1 0 

3 4 0  1  2  3  
3 4 0  4  5  3  
3 4 4  1  2  5  

8 46 0 46 47 47 46 47 46 
-1 -1 -1 -1 0 -1 0 -1 46 
6 3

47 Qua000001010

-1 -1 0 
-1 1 0 
1 1 0 
1 -1 0 
-1 0 0 
1 0 0 

3 4 0  3  2  1  
3 4 0  4  5  3  
3 4 4  1  2  5  

0 
-1 -1 -1 -1 -1 0 -1 0 47 
6 4

99 Qua000010010

-1 -1 0 
1 -1 0 
1 1 0 
-1 1 0 
0 -1 0 
-1 0 0 

3 4 0  1  2  3  
2 3 0  4  5  
2 3 2  3  1  
3 4 1  4  5  3  

8 99 99 0 0 0 102 100 101 
-1 -1 -1 -1 0 -1 -1 0 99 
6 4

100 Qua000011000

1 -1 0 
-1 -1 0 
-1 1 0 
1 1 0 
0 -1 0 
1 0 0 

3 4 1  0  3  2  
2 3 0  4  5  
2 3 2  3  1  
3 4 1  4  5  3  

0 
-1 -1 -1 -1 0 0 -1 -1 100 
6 4

101 Qua000000110

-1 1 0 
-1 -1 0 
1 -1 0 
1 1 0 
-1 0 0 
0 1 0 

3 4 1  2  3  0  
2 3 0  4  5  
2 3 2  3  1  
3 4 1  4  5  3  

0 
-1 -1 -1 -1 -1 -1 0 0 101 
6 4

102 Qua000001100

1 1 0 
1 -1 0 
-1 -1 0 
-1 1 0 
1 0 0 
0 1 0 

3 4 2  1  0  3  
2 3 0  4  5  
2 3 2  3  1  
3 4 1  4  5  3  

0 
-1 -1 -1 -1 -1 0 0 -1 102 
17 21

12321 refA

-1 -1 0 
1 1 0 
-1 1 0 
-1 0 0 
-0.52 0 0 
-0.32 0.32 0 
0 1 0 
0 -1 0 
0.32 0.32 0 
1 0 0 
1 -1 0 
0 0 0 
-0.32 -0.3 0 
0 -0.52 0 
0.32 -0.32 0 
0 0.52 0 
0.52 0 0 

3 4 0  10  1  2  
2 3 13  7  0  
2 3 1  8  16  
2 3 2  15  6  
3 4 15  8  11  5  
2 3 16  14  10  
2 3 2  5  4  
2 3 0  3  4  
2 3 15  8  1  
2 3 9  10  16  
3 4 12  4  5  11  
2 3 3  2  4  
2 3 5  15  2  
2 3 0  4  12  
3 4 8  11  14  16  
2 3 10  13  14  
2 3 13  12  0  
3 4 13  12  11  14  
2 3 16  9  1  
2 3 10  13  7  
2 3 1  6  15  

8 12321 0 0 0 0 0 0 0 
-1 -1 -1 -1 0 0 0 0 12321 
17 21

191 Qua000011119

-1 -1 0 
1 1 0 
1 -1 0 
0 -1 0 
0 -0.52 0 
0.32 -0.32 0 
1 0 0 
-1 0 0 
0.32 0.32 0 
0 1 0 
-1 1 0 
0 0 0 
-0.3 -0.32 0 
-0.52 0 0 
-0.32 0.32 0 
0.52 0 0 
0 0.52 0 

3 4 0  2  1  10  
2 3 13  7  0  
2 3 1  8  16  
2 3 2  15  6  
3 4 15  8  11  5  
2 3 16  14  10  
2 3 2  5  4  
2 3 0  3  4  
2 3 15  8  1  
2 3 9  10  16  
3 4 12  4  5  11  
2 3 3  2  4  
2 3 5  15  2  
2 3 0  4  12  
3 4 8  11  14  16  
2 3 10  13  14  
2 3 13  12  0  
3 4 13  12  11  14  
2 3 16  9  1  
2 3 10  13  7  
2 3 1  6  15  

0 
-1 -1 -1 -1 0 0 0 0 191 
17 21

192 Qua000011119

1 -1 0 
-1 1 0 
1 1 0 
1 0 0 
0.52 0 0 
0.32 0.32 0 
0 1 0 
0 -1 0 
-0.32 0.32 0 
-1 0 0 
-1 -1 0 
0 0 0 
0.32 -0.3 0 
0 -0.52 0 
-0.32 -0.32 0 
0 0.52 0 
-0.52 0 0 

3 4 10  0  2  1  
2 3 13  7  0  
2 3 1  8  16  
2 3 2  15  6  
3 4 15  8  11  5  
2 3 16  14  10  
2 3 2  5  4  
2 3 0  3  4  
2 3 15  8  1  
2 3 9  10  16  
3 4 12  4  5  11  
2 3 3  2  4  
2 3 5  15  2  
2 3 0  4  12  
3 4 8  11  14  16  
2 3 10  13  14  
2 3 13  12  0  
3 4 13  12  11  14  
2 3 16  9  1  
2 3 10  13  7  
2 3 1  6  15  

0 
-1 -1 -1 -1 0 0 0 0 192 
17 21

193 Qua000011119

-1 1 0 
1 -1 0 
1 1 0 
0 1 0 
0 0.52 0 
0.32 0.32 0 
1 0 0 
-1 0 0 
0.32 -0.32 0 
0 -1 0 
-1 -1 0 
0 0 0 
-0.3 0.32 0 
-0.52 0 0 
-0.32 -0.32 0 
0.52 0 0 
0 -0.52 0 

3 4 10  1  2  0  
2 3 13  7  0  
2 3 1  8  16  
2 3 2  15  6  
3 4 15  8  11  5  
2 3 16  14  10  
2 3 2  5  4  
2 3 0  3  4  
2 3 15  8  1  
2 3 9  10  16  
3 4 12  4  5  11  
2 3 3  2  4  
2 3 5  15  2  
2 3 0  4  12  
3 4 8  11  14  16  
2 3 10  13  14  
2 3 13  12  0  
3 4 13  12  11  14  
2 3 16  9  1  
2 3 10  13  7  
2 3 1  6  15  

0 
-1 -1 -1 -1 0 0 0 0 193 
17 21

194 Qua000011119

1 1 0 
-1 -1 0 
-1 1 0 
0 1 0 
0 0.52 0 
-0.32 0.32 0 
-1 0 0 
1 0 0 
-0.32 -0.32 0 
0 -1 0 
1 -1 0 
0 0 0 
0.3 0.32 0 
0.52 0 0 
0.32 -0.32 0 
-0.52 0 0 
0 -0.52 0 

3 4 1  10  0  2  
2 3 13  7  0  
2 3 1  8  16  
2 3 2  15  6  
3 4 15  8  11  5  
2 3 16  14  10  
2 3 2  5  4  
2 3 0  3  4  
2 3 15  8  1  
2 3 9  10  16  
3 4 12  4  5  11  
2 3 3  2  4  
2 3 5  15  2  
2 3 0  4  12  
3 4 8  11  14  16  
2 3 10  13  14  
2 3 13  12  0  
3 4 13  12  11  14  
2 3 16  9  1  
2 3 10  13  7  
2 3 1  6  15  

0 
-1 -1 -1 -1 0 0 0 0 194 
17 21

195 Qua000011119

1 1 0 
-1 -1 0 
1 -1 0 
1 0 0 
0.52 0 0 
0.32 -0.32 0 
0 -1 0 
0 1 0 
-0.32 -0.32 0 
-1 0 0 
-1 1 0 
0 0 0 
0.32 0.3 0 
0 0.52 0 
-0.32 0.32 0 
0 -0.52 0 
-0.52 0 0 

3 4 1  2  0  10  
2 3 13  7  0  
2 3 1  8  16  
2 3 2  15  6  
3 4 15  8  11  5  
2 3 16  14  10  
2 3 2  5  4  
2 3 0  3  4  
2 3 15  8  1  
2 3 9  10  16  
3 4 12  4  5  11  
2 3 3  2  4  
2 3 5  15  2  
2 3 0  4  12  
3 4 8  11  14  16  
2 3 10  13  14  
2 3 13  12  0  
3 4 13  12  11  14  
2 3 16  9  1  
2 3 10  13  7  
2 3 1  6  15  

0 
-1 -1 -1 -1 0 0 0 0 195 
17 21

196 Qua000011119

1 -1 0 
-1 1 0 
-1 -1 0 
0 -1 0 
0 -0.52 0 
-0.32 -0.32 0 
-1 0 0 
1 0 0 
-0.32 0.32 0 
0 1 0 
1 1 0 
0 0 0 
0.3 -0.32 0 
0.52 0 0 
0.32 0.32 0 
-0.52 0 0 
0 0.52 0 

3 4 2  0  10  1  
2 3 13  7  0  
2 3 1  8  16  
2 3 2  15  6  
3 4 15  8  11  5  
2 3 16  14  10  
2 3 2  5  4  
2 3 0  3  4  
2 3 15  8  1  
2 3 9  10  16  
3 4 12  4  5  11  
2 3 3  2  4  
2 3 5  15  2  
2 3 0  4  12  
3 4 8  11  14  16  
2 3 10  13  14  
2 3 13  12  0  
3 4 13  12  11  14  
2 3 16  9  1  
2 3 10  13  7  
2 3 1  6  15  

0 
-1 -1 -1 -1 0 0 0 0 196 
17 21

197 Qua000011119

-1 1 0 
1 -1 0 
-1 -1 0 
-1 0 0 
-0.52 0 0 
-0.32 -0.32 0 
0 -1 0 
0 1 0 
0.32 -0.32 0 
1 0 0 
1 1 0 
0 0 0 
-0.32 0.3 0 
0 0.52 0 
0.32 0.32 0 
0 -0.52 0 
0.52 0 0 

3 4 2  1  10  0  
2 3 13  7  0  
2 3 1  8  16  
2 3 2  15  6  
3 4 15  8  11  5  
2 3 16  14  10  
2 3 2  5  4  
2 3 0  3  4  
2 3 15  8  1  
2 3 9  10  16  
3 4 12  4  5  11  
2 3 3  2  4  
2 3 5  15  2  
2 3 0  4  12  
3 4 8  11  14  16  
2 3 10  13  14  
2 3 13  12  0  
3 4 13  12  11  14  
2 3 16  9  1  
2 3 10  13  7  
2 3 1  6  15  

0 
-1 -1 -1 -1 0 0 0 0 197 
17 21

12322 refB

-1 1 0 
1 -1 0 
1 0 0 
1 1 0 
0 -1 0 
0 1 0 
-1 -1 0 
-0.35 0.35 0 
-1 0 0 
0 0 0 
0 -0.55 0 
0.35 0.35 0 
-0.55 0 0 
0.55 0 0 
0.35 -0.35 0 
-0.35 -0.35 0 
0 0.55 0 

3 4 6  1  3  0  
3 4 11  9  14  13  
2 3 5  16  0  
2 3 14  1  10  
3 4 7  9  15  12  
2 3 3  16  5  
2 3 6  12  15  
2 3 11  13  3  
2 3 0  8  12  
2 3 8  12  6  
2 3 4  10  6  
2 3 16  3  11  
2 3 3  2  13  
2 3 14  13  1  
2 3 2  13  1  
2 3 0  7  12  
3 4 11  16  7  9  
2 3 16  7  0  
3 4 15  10  14  9  
2 3 6  15  10  
2 3 1  4  10  

8 12322 12322 12322 12322 12322 12322 12322 12322 
-1 -1 -1 -1 0 0 0 0 12322 
10 7

3 UnifTet

0 0 0 
1 0 0 
0 1 0 
0 0 1 
0.5 0 0 
0.5 0.5 0 
0 0.5 0 
0 0 0.5 
0.5 0 0.5 
0 0.5 0.5 

4 4 0  1  2  3  
4 4 0  4  6  7  
4 4 4  1  5  8  
4 4 6  5  2  9  
4 4 7  8  9  3  
5 5 4  8  9  6  7  
5 5 8  4  6  9  5  

24 3 0 3 4 0 5 4 3 5 5 3 4 4 3 5 5 3 4 5 5 4 3 4 3 
-1 -1 -1 -1 0 0 0 0 0 0 1 1 1 1 3 
10 7

4 Tet000011111100000

0 0 0 
1 0 0 
0 0 1 
0 1 0 
0.5 0 0 
0.5 0 0.5 
0 0 0.5 
0 0.5 0 
0.5 0.5 0 
0 0.5 0.5 

4 4 0  1  3  2  
4 4 0  4  6  7  
4 4 4  1  5  8  
4 4 6  5  2  9  
4 4 7  8  9  3  
5 5 4  8  9  6  7  
5 5 8  4  6  9  5  

0 
-1 -1 -1 -1 0 0 0 0 0 0 1 1 1 1 4 
10 7

5 Tet000011111100000

0 0 0 
0 1 0 
0 0 1 
1 0 0 
0 0.5 0 
0 0.5 0.5 
0 0 0.5 
0.5 0 0 
0.5 0.5 0 
0.5 0 0.5 

4 4 0  3  1  2  
4 4 0  4  6  7  
4 4 4  1  5  8  
4 4 6  5  2  9  
4 4 7  8  9  3  
5 5 4  8  9  6  7  
5 5 8  4  6  9  5  

0 
-1 -1 -1 -1 0 0 0 0 0 0 1 1 1 1 5 
7 3

148 Tet000000011100000

0 0 0 
1 0 0 
0 1 0 
0 0 1 
0 0 0.5 
0.5 0 0.5 
0 0.5 0.5 

4 4 0  1  2  3  
6 6 0  1  2  4  5  6  
4 4 4  5  6  3  

24 148 0 148 149 0 150 148 149 148 149 150 150 148 149 148 149 150 150 0 151 151 151 151 151 
-1 -1 -1 -1 -1 -1 -1 0 0 0 -1 50 50 50 148 
7 3

149 Tet000001100100000

0 0 0 
1 0 0 
0 0 1 
0 1 0 
0 0.5 0 
0.5 0.5 0 
0 0.5 0.5 

4 4 0  1  3  2  
6 6 0  1  2  4  5  6  
4 4 4  5  6  3  

0 
-1 -1 -1 -1 -1 0 0 -1 -1 0 50 -1 49 49 149 
7 3

150 Tet000011001000000

0 0 0 
0 1 0 
0 0 1 
1 0 0 
0.5 0 0 
0.5 0.5 0 
0.5 0 0.5 

4 4 0  3  1  2  
6 6 0  1  2  4  5  6  
4 4 4  5  6  3  

0 
-1 -1 -1 -1 0 0 -1 -1 0 -1 49 49 51 -1 150 
7 3

151 Tet000010110000000

1 0 0 
0 1 0 
0 0 1 
0 0 0 
0.5 0 0 
0 0.5 0 
0 0 0.5 

4 4 3  0  1  2  
6 6 0  1  2  4  5  6  
4 4 4  5  6  3  

0 
-1 -1 -1 -1 0 -1 0 0 -1 -1 51 51 -1 51 151 
8 3

152 Tet000001111000000

0 0 0 
1 0 0 
0 1 0 
0 0 1 
0.5 0.5 0 
0 0.5 0 
0 0 0.5 
0.5 0 0.5 

4 4 0  1  2  3  
6 6 4  2  5  7  3  6  
6 6 1  4  7  0  5  6  

24 152 152 0 0 153 154 152 152 153 154 153 154 154 153 154 153 152 152 154 153 154 153 152 152 
-1 -1 -1 -1 -1 0 0 0 0 -1 50 50 51 51 152 
8 3

153 Tet000011010100000

0 0 0 
0 1 0 
1 0 0 
0 0 1 
0.5 0.5 0 
0.5 0 0 
0 0 0.5 
0 0.5 0.5 

4 4 0  2  1  3  
6 6 4  2  5  7  3  6  
6 6 1  4  7  0  5  6  

0 
-1 -1 -1 -1 0 0 -1 0 -1 0 49 51 49 50 153 
8 3

154 Tet000010101100000

0 0 0 
0 0 1 
1 0 0 
0 1 0 
0.5 0 0.5 
0.5 0 0 
0 0.5 0 
0 0.5 0.5 

4 4 0  2  3  1  
6 6 4  2  5  7  3  6  
6 6 1  4  7  0  5  6  

0 
-1 -1 -1 -1 0 -1 0 -1 0 0 51 49 50 49 154 
6 3

155 Tet000010010000000

0 0 0 
1 0 0 
0 1 0 
0 0 1 
0.5 0 0 
0 0 0.5 

4 4 0  1  2  3  
4 4 0  4  2  5  
5 5 4  5  3  1  2  

24 155 0 0 157 156 155 0 0 0 0 0 0 0 164 0 0 165 166 159 158 162 163 160 161 
-1 -1 -1 -1 0 -1 -1 0 -1 -1 112 51 -1 111 155 
6 3

156 Tet000010100000000

0 0 0 
1 0 0 
0 0 1 
0 1 0 
0.5 0 0 
0 0.5 0 

4 4 0  1  3  2  
4 4 0  4  2  5  
5 5 4  5  3  1  2  

0 
-1 -1 -1 -1 0 -1 0 -1 -1 -1 51 112 -1 112 156 
6 3

157 Tet000000110000000

0 0 0 
0 1 0 
1 0 0 
0 0 1 
0 0.5 0 
0 0 0.5 

4 4 0  2  1  3  
4 4 0  4  2  5  
5 5 4  5  3  1  2  

0 
-1 -1 -1 -1 -1 -1 0 0 -1 -1 111 111 -1 51 157 
6 3

158 Tet000010001000000

1 0 0 
0 0 0 
0 1 0 
0 0 1 
0.5 0 0 
0.5 0 0.5 

4 4 1  0  2  3  
4 4 0  4  2  5  
5 5 4  5  3  1  2  

0 
-1 -1 -1 -1 0 -1 -1 -1 0 -1 112 49 111 -1 158 
6 3

159 Tet000011000000000

1 0 0 
0 0 0 
0 0 1 
0 1 0 
0.5 0 0 
0.5 0.5 0 

4 4 1  0  3  2  
4 4 0  4  2  5  
5 5 4  5  3  1  2  

0 
-1 -1 -1 -1 0 0 -1 -1 -1 -1 49 112 112 -1 159 
6 3

160 Tet000000100100000

0 1 0 
0 0 0 
1 0 0 
0 0 1 
0 0.5 0 
0 0.5 0.5 

4 4 1  2  0  3  
4 4 0  4  2  5  
5 5 4  5  3  1  2  

0 
-1 -1 -1 -1 -1 -1 0 -1 -1 0 111 -1 113 49 160 
6 3

161 Tet000000010100000

0 0 1 
0 0 0 
1 0 0 
0 1 0 
0 0 0.5 
0 0.5 0.5 

4 4 1  2  3  0  
4 4 0  4  2  5  
5 5 4  5  3  1  2  

0 
-1 -1 -1 -1 -1 -1 -1 0 -1 0 -1 111 113 50 161 
6 3

162 Tet000001100000000

0 1 0 
0 0 0 
0 0 1 
1 0 0 
0 0.5 0 
0.5 0.5 0 

4 4 1  3  0  2  
4 4 0  4  2  5  
5 5 4  5  3  1  2  

0 
-1 -1 -1 -1 -1 0 0 -1 -1 -1 50 -1 112 112 162 
6 3

163 Tet000000011000000

0 0 1 
0 0 0 
0 1 0 
1 0 0 
0 0 0.5 
0.5 0 0.5 

4 4 1  3  2  0  
4 4 0  4  2  5  
5 5 4  5  3  1  2  

0 
-1 -1 -1 -1 -1 -1 -1 0 0 -1 -1 50 111 111 163 
6 3

164 Tet000001001000000

1 0 0 
0 1 0 
0 0 0 
0 0 1 
0.5 0.5 0 
0.5 0 0.5 

4 4 2  0  1  3  
4 4 0  4  2  5  
5 5 4  5  3  1  2  

0 
-1 -1 -1 -1 -1 0 -1 -1 0 -1 113 113 51 -1 164 
6 3

165 Tet000001000100000

0 1 0 
1 0 0 
0 0 0 
0 0 1 
0.5 0.5 0 
0 0.5 0.5 

4 4 2  1  0  3  
4 4 0  4  2  5  
5 5 4  5  3  1  2  

0 
-1 -1 -1 -1 -1 0 -1 -1 -1 0 113 -1 49 113 165 
6 3

166 Tet000000001100000

0 0 1 
1 0 0 
0 0 0 
0 1 0 
0.5 0 0.5 
0 0.5 0.5 

4 4 2  1  3  0  
4 4 0  4  2  5  
5 5 4  5  3  1  2  

0 
-1 -1 -1 -1 -1 -1 -1 -1 0 0 -1 113 50 113 166 
8 5

167 Tet000011011000000

0 0 0 
1 0 0 
0 1 0 
0 0 1 
0.5 0 0 
0.5 0.5 0 
0 0 0.5 
0.5 0 0.5 

4 4 0  1  2  3  
5 5 4  5  2  0  6  
5 5 7  5  2  3  6  
4 4 4  5  7  1  
4 4 4  5  6  7  

24 167 0 0 0 0 0 0 0 0 175 174 173 0 0 0 178 177 176 171 172 168 167 170 169 
-1 -1 -1 -1 0 0 -1 0 0 -1 49 1 51 111 167 
8 5

168 Tet000011101000000

0 0 0 
1 0 0 
0 0 1 
0 1 0 
0.5 0 0 
0.5 0 0.5 
0 0.5 0 
0.5 0.5 0 

4 4 0  1  3  2  
5 5 4  5  2  0  6  
5 5 7  5  2  3  6  
4 4 4  5  7  1  
4 4 4  5  6  7  

0 
-1 -1 -1 -1 0 0 0 -1 0 -1 1 49 51 112 168 
8 5

169 Tet000001110100000

0 0 0 
0 1 0 
1 0 0 
0 0 1 
0 0.5 0 
0.5 0.5 0 
0 0 0.5 
0 0.5 0.5 

4 4 0  2  1  3  
5 5 4  5  2  0  6  
5 5 7  5  2  3  6  
4 4 4  5  7  1  
4 4 4  5  6  7  

0 
-1 -1 -1 -1 -1 0 0 0 -1 0 50 111 49 1 169 
8 5

170 Tet000000111100000

0 0 0 
0 0 1 
1 0 0 
0 1 0 
0 0 0.5 
0.5 0 0.5 
0 0.5 0 
0 0.5 0.5 

4 4 0  2  3  1  
5 5 4  5  2  0  6  
5 5 7  5  2  3  6  
4 4 4  5  7  1  
4 4 4  5  6  7  

0 
-1 -1 -1 -1 -1 -1 0 0 0 0 111 50 50 1 170 
8 5

171 Tet000011100100000

0 0 0 
0 1 0 
0 0 1 
1 0 0 
0 0.5 0 
0 0.5 0.5 
0.5 0 0 
0.5 0.5 0 

4 4 0  3  1  2  
5 5 4  5  2  0  6  
5 5 7  5  2  3  6  
4 4 4  5  7  1  
4 4 4  5  6  7  

0 
-1 -1 -1 -1 0 0 0 -1 -1 0 1 112 49 49 171 
8 5

172 Tet000010011100000

0 0 0 
0 0 1 
0 1 0 
1 0 0 
0 0 0.5 
0 0.5 0.5 
0.5 0 0 
0.5 0 0.5 

4 4 0  3  2  1  
5 5 4  5  2  0  6  
5 5 7  5  2  3  6  
4 4 4  5  7  1  
4 4 4  5  6  7  

0 
-1 -1 -1 -1 0 -1 -1 0 0 0 112 1 50 50 172 
8 5

173 Tet000010111000000

1 0 0 
0 0 0 
0 1 0 
0 0 1 
0.5 0 0 
0 0.5 0 
0.5 0 0.5 
0 0 0.5 

4 4 1  0  2  3  
5 5 4  5  2  0  6  
5 5 7  5  2  3  6  
4 4 4  5  7  1  
4 4 4  5  6  7  

0 
-1 -1 -1 -1 0 -1 0 0 0 -1 51 1 111 51 173 
8 5

174 Tet000011110000000

1 0 0 
0 0 0 
0 0 1 
0 1 0 
0.5 0 0 
0 0 0.5 
0.5 0.5 0 
0 0.5 0 

4 4 1  0  3  2  
5 5 4  5  2  0  6  
5 5 7  5  2  3  6  
4 4 4  5  7  1  
4 4 4  5  6  7  

0 
-1 -1 -1 -1 0 0 0 0 -1 -1 1 51 112 51 174 
8 5

175 Tet000010110100000

0 1 0 
0 0 0 
1 0 0 
0 0 1 
0 0.5 0 
0.5 0 0 
0 0.5 0.5 
0 0 0.5 

4 4 1  2  0  3  
5 5 4  5  2  0  6  
5 5 7  5  2  3  6  
4 4 4  5  7  1  
4 4 4  5  6  7  

0 
-1 -1 -1 -1 0 -1 0 0 -1 0 51 51 113 1 175 
8 5

176 Tet000001101100000

1 0 0 
0 1 0 
0 0 0 
0 0 1 
0.5 0.5 0 
0 0.5 0 
0.5 0 0.5 
0 0.5 0.5 

4 4 2  0  1  3  
5 5 4  5  2  0  6  
5 5 7  5  2  3  6  
4 4 4  5  7  1  
4 4 4  5  6  7  

0 
-1 -1 -1 -1 -1 0 0 -1 0 0 50 113 1 49 176 
8 5

177 Tet000001011100000

1 0 0 
0 0 1 
0 0 0 
0 1 0 
0.5 0 0.5 
0 0 0.5 
0.5 0.5 0 
0 0.5 0.5 

4 4 2  0  3  1  
5 5 4  5  2  0  6  
5 5 7  5  2  3  6  
4 4 4  5  7  1  
4 4 4  5  6  7  

0 
-1 -1 -1 -1 -1 0 -1 0 0 0 113 50 1 50 177 
8 5

178 Tet000011001100000

0 1 0 
1 0 0 
0 0 0 
0 0 1 
0.5 0.5 0 
0.5 0 0 
0 0.5 0.5 
0.5 0 0.5 

4 4 2  1  0  3  
5 5 4  5  2  0  6  
5 5 7  5  2  3  6  
4 4 4  5  7  1  
4 4 4  5  6  7  

0 
-1 -1 -1 -1 0 0 -1 -1 0 0 49 49 1 113 178 
9 5

179 Tet000001111100000

0 0 0 
1 0 0 
0 1 0 
0 0 1 
0.5 0.5 0 
0 0.5 0 
0 0 0.5 
0.5 0 0.5 
0 0.5 0.5 

4 4 0  1  2  3  
5 5 4  5  6  7  8  
6 6 1  4  7  0  5  6  
4 4 4  2  5  8  
4 4 6  7  8  3  

24 179 179 0 0 180 181 179 179 180 181 180 181 0 0 182 183 0 184 182 183 182 183 184 184 
-1 -1 -1 -1 -1 0 0 0 0 0 50 50 1 1 179 
9 5

180 Tet000011011100000

0 0 0 
0 1 0 
1 0 0 
0 0 1 
0.5 0.5 0 
0.5 0 0 
0 0 0.5 
0 0.5 0.5 
0.5 0 0.5 

4 4 0  2  1  3  
5 5 4  5  6  7  8  
6 6 1  4  7  0  5  6  
4 4 4  2  5  8  
4 4 6  7  8  3  

0 
-1 -1 -1 -1 0 0 -1 0 0 0 49 1 1 50 180 
9 5

181 Tet000011101100000

0 0 0 
0 0 1 
1 0 0 
0 1 0 
0.5 0 0.5 
0.5 0 0 
0 0.5 0 
0 0.5 0.5 
0.5 0.5 0 

4 4 0  2  3  1  
5 5 4  5  6  7  8  
6 6 1  4  7  0  5  6  
4 4 4  2  5  8  
4 4 6  7  8  3  

0 
-1 -1 -1 -1 0 0 0 -1 0 0 1 49 1 49 181 
9 5

182 Tet000010111100000

1 0 0 
0 1 0 
0 0 0 
0 0 1 
0 0.5 0 
0.5 0 0 
0.5 0 0.5 
0 0.5 0.5 
0 0 0.5 

4 4 2  0  1  3  
5 5 4  5  6  7  8  
6 6 1  4  7  0  5  6  
4 4 4  2  5  8  
4 4 6  7  8  3  

0 
-1 -1 -1 -1 0 -1 0 0 0 0 51 1 50 1 182 
9 5

183 Tet000011110100000

1 0 0 
0 0 1 
0 0 0 
0 1 0 
0 0 0.5 
0.5 0 0 
0.5 0.5 0 
0 0.5 0.5 
0 0.5 0 

4 4 2  0  3  1  
5 5 4  5  6  7  8  
6 6 1  4  7  0  5  6  
4 4 4  2  5  8  
4 4 6  7  8  3  

0 
-1 -1 -1 -1 0 0 0 0 -1 0 1 51 49 1 183 
9 5

184 Tet000011111000000

0 1 0 
0 0 1 
0 0 0 
1 0 0 
0 0 0.5 
0 0.5 0 
0.5 0.5 0 
0.5 0 0.5 
0.5 0 0 

4 4 2  3  0  1  
5 5 4  5  6  7  8  
6 6 1  4  7  0  5  6  
4 4 4  2  5  8  
4 4 6  7  8  3  

0 
-1 -1 -1 -1 0 0 0 0 0 -1 1 1 51 51 184 
5 3

185 Tet000010000000000

0 0 0 
1 0 0 
0 1 0 
0 0 1 
0.5 0 0 

4 4 0  1  2  3  
4 4 0  4  2  3  
4 4 4  1  2  3  

24 185 185 0 0 186 187 185 185 186 187 186 187 0 0 188 189 0 190 188 189 188 189 190 190 
-1 -1 -1 -1 0 -1 -1 -1 -1 -1 112 112 -1 -1 185 
5 3

186 Tet000000100000000

0 0 0 
0 1 0 
1 0 0 
0 0 1 
0 0.5 0 

4 4 0  2  1  3  
4 4 0  4  2  3  
4 4 4  1  2  3  

0 
-1 -1 -1 -1 -1 -1 0 -1 -1 -1 111 -1 -1 112 186 
5 3

187 Tet000000010000000

0 0 0 
0 0 1 
1 0 0 
0 1 0 
0 0 0.5 

4 4 0  2  3  1  
4 4 0  4  2  3  
4 4 4  1  2  3  

0 
-1 -1 -1 -1 -1 -1 -1 0 -1 -1 -1 111 -1 111 187 
5 3

188 Tet000001000000000

1 0 0 
0 1 0 
0 0 0 
0 0 1 
0.5 0.5 0 

4 4 2  0  1  3  
4 4 0  4  2  3  
4 4 4  1  2  3  

0 
-1 -1 -1 -1 -1 0 -1 -1 -1 -1 113 -1 112 -1 188 
5 3

189 Tet000000001000000

1 0 0 
0 0 1 
0 0 0 
0 1 0 
0.5 0 0.5 

4 4 2  0  3  1  
4 4 0  4  2  3  
4 4 4  1  2  3  

0 
-1 -1 -1 -1 -1 -1 -1 -1 0 -1 -1 113 111 -1 189 
5 3

190 Tet000000000100000

0 1 0 
0 0 1 
0 0 0 
1 0 0 
0 0.5 0.5 

4 4 2  3  0  1  
4 4 0  4  2  3  
4 4 4  1  2  3  

0 
-1 -1 -1 -1 -1 -1 -1 -1 -1 0 -1 -1 113 113 190 
14 11

6 UnifPyr

-1 -1 0 
1 -1 0 
1 1 0 
-1 1 0 
0 0 1 
0 -1 0 
1 0 0 
0 1 0 
-1 0 0 
-0.5 -0.5 0.5 
0.5 -0.5 0.5 
0.5 0.5 0.5 
-0.5 0.5 0.5 
0 0 0 

5 5 0  1  2  3  4  
5 5 0  5  13  8  9  
5 5 5  1  6  13  10  
5 5 13  6  2  7  11  
5 5 8  13  7  3  12  
5 5 9  10  11  12  4  
5 5 9  12  11  10  13  
4 4 9  5  13  10  
4 4 10  6  13  11  
4 4 11  7  12  13  
4 4 8  13  12  9  

8 6 6 6 6 6 6 6 6 
-1 -1 -1 -1 -1 0 0 0 0 0 0 0 0 2 1 1 1 1 6 
10 5

103 Pyr00000100101110

-1 -1 0 
1 -1 0 
1 1 0 
-1 1 0 
0 0 1 
-1 0 0 
0 -1 0 
-0.5 0.5 0.5 
0.5 0.5 0.5 
0.5 -0.5 0.5 

5 5 0  1  2  3  4  
6 6 0  6  5  4  9  7  
4 4 8  7  9  4  
6 6 2  3  1  8  7  9  
6 6 1  9  6  3  7  5  

8 103 103 0 0 0 106 104 105 
-1 -1 -1 -1 -1 0 -1 -1 0 -1 0 0 0 99 49 50 50 49 103 
10 5

104 Pyr0000011001011000000

1 -1 0 
-1 -1 0 
-1 1 0 
1 1 0 
0 0 1 
1 0 0 
0 -1 0 
0.5 0.5 0.5 
-0.5 0.5 0.5 
-0.5 -0.5 0.5 

5 5 1  0  3  2  4  
6 6 0  6  5  4  9  7  
4 4 8  7  9  4  
6 6 2  3  1  8  7  9  
6 6 1  9  6  3  7  5  

0 
-1 -1 -1 -1 -1 0 0 -1 -1 0 -1 0 0 100 51 49 50 50 104 
10 5

105 Pyr0000000111110000000

-1 1 0 
-1 -1 0 
1 -1 0 
1 1 0 
0 0 1 
0 1 0 
-1 0 0 
0.5 0.5 0.5 
0.5 -0.5 0.5 
-0.5 -0.5 0.5 

5 5 1  2  3  0  4  
6 6 0  6  5  4  9  7  
4 4 8  7  9  4  
6 6 2  3  1  8  7  9  
6 6 1  9  6  3  7  5  

0 
-1 -1 -1 -1 -1 -1 -1 0 0 0 0 0 -1 101 50 50 49 51 105 
10 5

106 Pyr0000001101101000000

1 1 0 
1 -1 0 
-1 -1 0 
-1 1 0 
0 0 1 
0 1 0 
1 0 0 
-0.5 0.5 0.5 
-0.5 -0.5 0.5 
0.5 -0.5 0.5 

5 5 2  1  0  3  4  
6 6 0  6  5  4  9  7  
4 4 8  7  9  4  
6 6 2  3  1  8  7  9  
6 6 1  9  6  3  7  5  

0 
-1 -1 -1 -1 -1 -1 0 0 -1 0 0 -1 0 102 50 51 51 50 106 
10 8

107 Pyr0000010100110000001

-1 -1 0 
1 -1 0 
1 1 0 
-1 1 0 
0 0 1 
0 -1 0 
0.5 -0.5 0.5 
0.5 0.5 0.5 
0 1 0 
-0.16 0 0.28 

5 5 0  1  2  3  4  
6 6 5  1  6  8  2  7  
5 5 5  6  7  8  9  
5 5 0  5  8  3  9  
5 5 0  5  6  4  9  
5 5 3  8  7  4  9  
4 4 0  4  3  9  
4 4 4  6  7  9  

8 107 0 0 0 110 109 108 107 
-1 -1 -1 -1 -1 0 -1 0 -1 -1 0 0 -1 46 49 50 49 -1 107 
10 8

108 Pyr0000001010011000001

-1 -1 0 
-1 1 0 
1 1 0 
1 -1 0 
0 0 1 
-1 0 0 
-0.5 0.5 0.5 
0.5 0.5 0.5 
1 0 0 
0 -0.16 0.28 

5 5 0  3  2  1  4  
6 6 5  1  6  8  2  7  
5 5 5  6  7  8  9  
5 5 0  5  8  3  9  
5 5 0  5  6  4  9  
5 5 3  8  7  4  9  
4 4 0  4  3  9  
4 4 4  6  7  9  

0 
-1 -1 -1 -1 -1 -1 0 -1 0 -1 -1 0 0 47 -1 49 50 49 108 
10 8

109 Pyr0000010101001000001

1 -1 0 
-1 -1 0 
-1 1 0 
1 1 0 
0 0 1 
0 -1 0 
-0.5 -0.5 0.5 
-0.5 0.5 0.5 
0 1 0 
0.16 0 0.28 

5 5 1  0  3  2  4  
6 6 5  1  6  8  2  7  
5 5 5  6  7  8  9  
5 5 0  5  8  3  9  
5 5 0  5  6  4  9  
5 5 3  8  7  4  9  
4 4 0  4  3  9  
4 4 4  6  7  9  

0 
-1 -1 -1 -1 -1 0 -1 0 -1 0 -1 -1 0 46 51 -1 51 50 109 
10 8

110 Pyr0000001011100000001

-1 1 0 
-1 -1 0 
1 -1 0 
1 1 0 
0 0 1 
-1 0 0 
-0.5 -0.5 0.5 
0.5 -0.5 0.5 
1 0 0 
0 0.16 0.28 

5 5 1  2  3  0  4  
6 6 5  1  6  8  2  7  
5 5 5  6  7  8  9  
5 5 0  5  8  3  9  
5 5 0  5  6  4  9  
5 5 3  8  7  4  9  
4 4 0  4  3  9  
4 4 4  6  7  9  

0 
-1 -1 -1 -1 -1 -1 0 -1 0 0 0 -1 -1 47 50 51 -1 51 110 
7 3

114 Pyr0000000001001000000

-1 -1 0 
1 -1 0 
1 1 0 
-1 1 0 
0 0 1 
-0.5 -0.5 0.5 
-0.5 0.5 0.5 

5 5 0  1  2  3  4  
5 5 5  1  2  6  4  
6 6 0  1  5  3  2  6  

8 114 0 0 0 117 116 115 114 
-1 -1 -1 -1 -1 -1 -1 -1 -1 0 -1 -1 0 -1 111 -1 111 50 114 
7 3

115 Pyr0000000001100000000

-1 -1 0 
-1 1 0 
1 1 0 
1 -1 0 
0 0 1 
-0.5 -0.5 0.5 
0.5 -0.5 0.5 

5 5 0  3  2  1  4  
5 5 5  1  2  6  4  
6 6 0  1  5  3  2  6  

0 
-1 -1 -1 -1 -1 -1 -1 -1 -1 0 0 -1 -1 -1 50 111 -1 111 115 
7 3

116 Pyr0000000000110000000

1 -1 0 
-1 -1 0 
-1 1 0 
1 1 0 
0 0 1 
0.5 -0.5 0.5 
0.5 0.5 0.5 

5 5 1  0  3  2  4  
5 5 5  1  2  6  4  
6 6 0  1  5  3  2  6  

0 
-1 -1 -1 -1 -1 -1 -1 -1 -1 -1 0 0 -1 -1 113 50 113 -1 116 
7 3

117 Pyr0000000000011000000

-1 1 0 
-1 -1 0 
1 -1 0 
1 1 0 
0 0 1 
-0.5 0.5 0.5 
0.5 0.5 0.5 

5 5 1  2  3  0  4  
5 5 5  1  2  6  4  
6 6 0  1  5  3  2  6  

0 
-1 -1 -1 -1 -1 -1 -1 -1 -1 -1 -1 0 0 -1 -1 113 50 113 117 
8 5

118 Pyr0000010011000000000

-1 -1 0 
1 -1 0 
1 1 0 
-1 1 0 
0 0 1 
0 -1 0 
-0.5 -0.5 0.5 
-1 0 0 

5 5 0  1  2  3  4  
4 4 0  5  7  6  
5 5 5  1  4  6  2  
5 5 7  6  4  3  2  
4 4 5  7  2  6  

8 118 118 0 0 0 121 119 120 
-1 -1 -1 -1 -1 0 -1 -1 0 0 -1 -1 -1 27 51 -1 -1 51 118 
8 5

119 Pyr0000011000100000000

1 -1 0 
-1 -1 0 
-1 1 0 
1 1 0 
0 0 1 
0 -1 0 
0.5 -0.5 0.5 
1 0 0 

5 5 1  0  3  2  4  
4 4 0  5  7  6  
5 5 5  1  4  6  2  
5 5 7  6  4  3  2  
4 4 5  7  2  6  

0 
-1 -1 -1 -1 -1 0 0 -1 -1 -1 0 -1 -1 25 49 51 -1 -1 119 
8 5

120 Pyr0000000110001000000

-1 1 0 
-1 -1 0 
1 -1 0 
1 1 0 
0 0 1 
-1 0 0 
-0.5 0.5 0.5 
0 1 0 

5 5 1  2  3  0  4  
4 4 0  5  7  6  
5 5 5  1  4  6  2  
5 5 7  6  4  3  2  
4 4 5  7  2  6  

0 
-1 -1 -1 -1 -1 -1 -1 0 0 -1 -1 -1 0 26 -1 -1 51 49 120 
8 5

121 Pyr0000001100010000000

1 1 0 
1 -1 0 
-1 -1 0 
-1 1 0 
0 0 1 
1 0 0 
0.5 0.5 0.5 
0 1 0 

5 5 2  1  0  3  4  
4 4 0  5  7  6  
5 5 5  1  4  6  2  
5 5 7  6  4  3  2  
4 4 5  7  2  6  

0 
-1 -1 -1 -1 -1 -1 0 0 -1 -1 -1 0 -1 28 -1 49 49 -1 121 
10 8

122 Pyr0000010111000000001

-1 -1 0 
1 -1 0 
1 1 0 
-1 1 0 
0 0 1 
-1 0 0 
1 0 0 
-0.5 -0.5 0.5 
0.5 -0.5 0.5 
0 0 0.5 

5 5 0  1  2  3  4  
6 6 6  1  8  5  0  7  
5 5 5  6  2  3  9  
5 5 4  7  5  3  9  
4 4 2  3  4  9  
5 5 8  4  2  6  9  
5 5 7  8  6  5  9  
4 4 7  8  9  4  

8 122 0 122 123 0 0 124 125 
-1 -1 -1 -1 -1 -1 0 -1 0 0 0 -1 -1 47 50 51 -1 51 122 
10 8

123 Pyr0000010101001000001

-1 -1 0 
-1 1 0 
1 1 0 
1 -1 0 
0 0 1 
0 -1 0 
0 1 0 
-0.5 -0.5 0.5 
-0.5 0.5 0.5 
0 0 0.5 

5 5 0  3  2  1  4  
6 6 6  1  8  5  0  7  
5 5 5  6  2  3  9  
5 5 4  7  5  3  9  
4 4 2  3  4  9  
5 5 8  4  2  6  9  
5 5 7  8  6  5  9  
4 4 7  8  9  4  

0 
-1 -1 -1 -1 -1 0 -1 0 -1 0 -1 -1 0 46 51 -1 51 50 123 
10 8

124 Pyr0000010100110000001

1 1 0 
1 -1 0 
-1 -1 0 
-1 1 0 
0 0 1 
0 1 0 
0 -1 0 
0.5 0.5 0.5 
0.5 -0.5 0.5 
0 0 0.5 

5 5 2  1  0  3  4  
6 6 6  1  8  5  0  7  
5 5 5  6  2  3  9  
5 5 4  7  5  3  9  
4 4 2  3  4  9  
5 5 8  4  2  6  9  
5 5 7  8  6  5  9  
4 4 7  8  9  4  

0 
-1 -1 -1 -1 -1 0 -1 0 -1 -1 0 0 -1 46 49 50 49 -1 124 
10 8

125 Pyr0000001010011000001

1 1 0 
-1 1 0 
-1 -1 0 
1 -1 0 
0 0 1 
1 0 0 
-1 0 0 
0.5 0.5 0.5 
-0.5 0.5 0.5 
0 0 0.5 

5 5 2  3  0  1  4  
6 6 6  1  8  5  0  7  
5 5 5  6  2  3  9  
5 5 4  7  5  3  9  
4 4 2  3  4  9  
5 5 8  4  2  6  9  
5 5 7  8  6  5  9  
4 4 7  8  9  4  

0 
-1 -1 -1 -1 -1 -1 0 -1 0 -1 -1 0 0 47 -1 49 50 49 125 
9 3

126 Pyr0000000001111000000

-1 -1 0 
1 -1 0 
1 1 0 
-1 1 0 
0 0 1 
-0.5 -0.5 0.5 
0.5 -0.5 0.5 
0.5 0.5 0.5 
-0.5 0.5 0.5 

5 5 0  1  2  3  4  
7 8 0  1  2  3  5  6  7  8  
5 5 5  6  7  8  4  

8 126 126 126 126 126 126 126 126 
-1 -1 -1 -1 -1 -1 -1 -1 -1 0 0 0 0 -1 50 50 50 50 126 
6 4

127 Pyr0000000000100000000

-1 -1 0 
1 -1 0 
1 1 0 
-1 1 0 
0 0 1 
0.5 -0.5 0.5 

5 5 0  1  2  3  4  
5 5 0  1  2  3  5  
4 4 0  5  3  4  
4 4 5  2  3  4  

8 127 0 0 129 127 128 0 130 
-1 -1 -1 -1 -1 -1 -1 -1 -1 -1 0 -1 -1 -1 113 111 -1 -1 127 
6 4

128 Pyr0000000000001000000

-1 -1 0 
-1 1 0 
1 1 0 
1 -1 0 
0 0 1 
-0.5 0.5 0.5 

5 5 0  3  2  1  4  
5 5 0  1  2  3  5  
4 4 0  5  3  4  
4 4 5  2  3  4  

0 
-1 -1 -1 -1 -1 -1 -1 -1 -1 -1 -1 -1 0 -1 -1 -1 111 113 128 
6 4

129 Pyr0000000001000000000

1 -1 0 
-1 -1 0 
-1 1 0 
1 1 0 
0 0 1 
-0.5 -0.5 0.5 

5 5 1  0  3  2  4  
5 5 0  1  2  3  5  
4 4 0  5  3  4  
4 4 5  2  3  4  

0 
-1 -1 -1 -1 -1 -1 -1 -1 -1 0 -1 -1 -1 -1 111 -1 -1 111 129 
6 4

130 Pyr0000000000010000000

1 -1 0 
1 1 0 
-1 1 0 
-1 -1 0 
0 0 1 
0.5 0.5 0.5 

5 5 3  0  1  2  4  
5 5 0  1  2  3  5  
4 4 0  5  3  4  
4 4 5  2  3  4  

0 
-1 -1 -1 -1 -1 -1 -1 -1 -1 -1 -1 0 -1 -1 -1 113 113 -1 130 
6 4

131 Pyr0000010000000000000

-1 -1 0 
1 -1 0 
1 1 0 
-1 1 0 
0 0 1 
0 -1 0 

5 5 0  1  2  3  4  
4 4 0  5  3  4  
4 4 5  1  2  4  
4 4 2  3  5  4  

8 131 0 131 132 0 0 133 134 
-1 -1 -1 -1 -1 0 -1 -1 -1 -1 -1 -1 -1 9 112 -1 -1 -1 131 
6 4

132 Pyr0000000010000000000

-1 -1 0 
-1 1 0 
1 1 0 
1 -1 0 
0 0 1 
-1 0 0 

5 5 0  3  2  1  4  
4 4 0  5  3  4  
4 4 5  1  2  4  
4 4 2  3  5  4  

0 
-1 -1 -1 -1 -1 -1 -1 -1 0 -1 -1 -1 -1 10 -1 -1 -1 112 132 
6 4

133 Pyr0000001000000000000

1 1 0 
1 -1 0 
-1 -1 0 
-1 1 0 
0 0 1 
1 0 0 

5 5 2  1  0  3  4  
4 4 0  5  3  4  
4 4 5  1  2  4  
4 4 2  3  5  4  

0 
-1 -1 -1 -1 -1 -1 0 -1 -1 -1 -1 -1 -1 11 -1 112 -1 -1 133 
6 4

134 Pyr0000000100000000000

1 1 0 
-1 1 0 
-1 -1 0 
1 -1 0 
0 0 1 
0 1 0 

5 5 2  3  0  1  4  
4 4 0  5  3  4  
4 4 5  1  2  4  
4 4 2  3  5  4  

0 
-1 -1 -1 -1 -1 -1 -1 0 -1 -1 -1 -1 -1 12 -1 -1 112 -1 134 
18 9

7 UnifPri

0 0 -1 
1 0 -1 
0 1 -1 
0 0 1 
1 0 1 
0 1 1 
0.5 0 -1 
0.5 0.5 -1 
0 0.5 -1 
0 0 0 
1 0 0 
0 1 0 
0.5 0 1 
0.5 0.5 1 
0 0.5 1 
0.5 0 0 
0.5 0.5 0 
0 0.5 0 

6 6 0  1  2  3  4  5  
6 6 0  6  8  9  15  17  
6 6 6  1  7  15  10  16  
6 6 8  7  2  17  16  11  
6 6 17  16  15  8  7  6  
6 6 9  15  17  3  12  14  
6 6 15  10  16  12  4  13  
6 6 17  16  11  14  13  5  
6 6 14  13  12  17  16  15  

12 7 7 7 7 7 7 7 7 7 7 7 7 
-1 -1 -1 -1 -1 -1 0 0 0 0 0 0 0 0 0 1 2 2 2 1 7 
7 4

135 Pri000000000010000000000

0 0 -1 
1 0 -1 
0 1 -1 
0 0 1 
1 0 1 
0 1 1 
1 0 0 

6 6 0  1  2  3  4  5  
4 4 0  1  2  6  
5 5 0  2  5  3  6  
4 4 4  3  5  6  

12 135 0 0 137 136 135 135 136 137 137 136 135 
-1 -1 -1 -1 -1 -1 -1 -1 -1 -1 0 -1 -1 -1 -1 -1 11 10 -1 -1 135 
7 4

136 Pri000000000001000000000

0 0 -1 
0 1 -1 
1 0 -1 
0 0 1 
0 1 1 
1 0 1 
0 1 0 

6 6 0  2  1  3  5  4  
4 4 0  1  2  6  
5 5 0  2  5  3  6  
4 4 4  3  5  6  

0 
-1 -1 -1 -1 -1 -1 -1 -1 -1 -1 -1 0 -1 -1 -1 -1 -1 11 11 -1 136 
7 4

137 Pri000000000100000000000

1 0 -1 
0 0 -1 
0 1 -1 
1 0 1 
0 0 1 
0 1 1 
0 0 0 

6 6 1  0  2  4  3  5  
4 4 0  1  2  6  
5 5 0  2  5  3  6  
4 4 4  3  5  6  

0 
-1 -1 -1 -1 -1 -1 -1 -1 -1 0 -1 -1 -1 -1 -1 -1 10 -1 10 -1 137 
7 4

138 Pri000000000000100000000

0 0 -1 
1 0 -1 
0 1 -1 
0 0 1 
1 0 1 
0 1 1 
0.5 0 1 

6 6 0  1  2  3  4  5  
5 5 0  2  5  3  6  
4 4 0  1  2  6  
5 5 1  4  5  2  6  

12 138 0 138 139 0 140 0 0 141 142 0 143 
-1 -1 -1 -1 -1 -1 -1 -1 -1 -1 -1 -1 0 -1 -1 -1 12 -1 -1 112 138 
7 4

139 Pri000000000000001000000

0 0 -1 
0 1 -1 
1 0 -1 
0 0 1 
0 1 1 
1 0 1 
0 0.5 1 

6 6 0  2  1  3  5  4  
5 5 0  2  5  3  6  
4 4 0  1  2  6  
5 5 1  4  5  2  6  

0 
-1 -1 -1 -1 -1 -1 -1 -1 -1 -1 -1 -1 -1 -1 0 -1 -1 -1 12 111 139 
7 4

140 Pri000000000000010000000

1 0 -1 
0 1 -1 
0 0 -1 
1 0 1 
0 1 1 
0 0 1 
0.5 0.5 1 

6 6 2  0  1  5  3  4  
5 5 0  2  5  3  6  
4 4 0  1  2  6  
5 5 1  4  5  2  6  

0 
-1 -1 -1 -1 -1 -1 -1 -1 -1 -1 -1 -1 -1 0 -1 -1 -1 12 -1 113 140 
7 4

141 Pri000000100000000000000

0 0 1 
1 0 1 
0 1 1 
0 0 -1 
1 0 -1 
0 1 -1 
0.5 0 -1 

6 6 3  4  5  0  1  2  
5 5 0  2  5  3  6  
4 4 0  1  2  6  
5 5 1  4  5  2  6  

0 
-1 -1 -1 -1 -1 -1 0 -1 -1 -1 -1 -1 -1 -1 -1 112 9 -1 -1 -1 141 
7 4

142 Pri000000001000000000000

0 0 1 
0 1 1 
1 0 1 
0 0 -1 
0 1 -1 
1 0 -1 
0 0.5 -1 

6 6 3  5  4  0  2  1  
5 5 0  2  5  3  6  
4 4 0  1  2  6  
5 5 1  4  5  2  6  

0 
-1 -1 -1 -1 -1 -1 -1 -1 0 -1 -1 -1 -1 -1 -1 111 -1 -1 9 -1 142 
7 4

143 Pri000000010000000000000

1 0 1 
0 1 1 
0 0 1 
1 0 -1 
0 1 -1 
0 0 -1 
0.5 0.5 -1 

6 6 5  3  4  2  0  1  
5 5 0  2  5  3  6  
4 4 0  1  2  6  
5 5 1  4  5  2  6  

0 
-1 -1 -1 -1 -1 -1 -1 0 -1 -1 -1 -1 -1 -1 -1 113 -1 9 -1 -1 143 
9 3

144 Pri000000000111000000000

0 0 -1 
1 0 -1 
0 1 -1 
0 0 1 
1 0 1 
0 1 1 
0 0 0 
1 0 0 
0 1 0 

6 6 0  1  2  3  4  5  
6 6 0  1  2  6  7  8  
6 6 6  7  8  3  4  5  

12 144 144 144 144 144 144 144 144 144 144 144 144 
-1 -1 -1 -1 -1 -1 -1 -1 -1 0 0 0 -1 -1 -1 -1 47 47 47 -1 144 
10 3

145 Pri000000110000110000000

0 0 -1 
1 0 -1 
0 1 -1 
0 0 1 
1 0 1 
0 1 1 
0.5 0 -1 
0 0.5 -1 
0.5 0 1 
0 0.5 1 

6 6 0  1  2  3  4  5  
6 6 0  6  7  3  8  9  
7 8 1  2  7  6  4  5  9  8  

12 145 145 0 0 146 147 145 145 146 147 146 147 
-1 -1 -1 -1 -1 -1 0 -1 0 -1 -1 -1 0 -1 0 51 46 -1 46 51 145 
10 3

146 Pri000000110000110000000

1 0 -1 
0 0 -1 
0 1 -1 
1 0 1 
0 0 1 
0 1 1 
0.5 0 -1 
0.5 0.5 -1 
0.5 0 1 
0.5 0.5 1 

6 6 1  0  2  4  3  5  
6 6 0  6  7  3  8  9  
7 8 1  2  7  6  4  5  9  8  

0 
-1 -1 -1 -1 -1 -1 0 0 -1 -1 -1 -1 0 0 -1 49 46 46 -1 49 146 
10 3

147 Pri000000011000011000000

0 1 -1 
0 0 -1 
1 0 -1 
0 1 1 
0 0 1 
1 0 1 
0 0.5 -1 
0.5 0.5 -1 
0 0.5 1 
0.5 0.5 1 

6 6 1  2  0  4  5  3  
6 6 0  6  7  3  8  9  
7 8 1  2  7  6  4  5  9  8  

0 
-1 -1 -1 -1 -1 -1 -1 0 0 -1 -1 -1 -1 0 0 50 -1 46 46 50 147 
27 9

8 UnifHex

-1 -1 -1 
1 -1 -1 
1 1 -1 
-1 1 -1 
-1 -1 1 
1 -1 1 
1 1 1 
-1 1 1 
0 -1 -1 
1 0 -1 
0 1 -1 
-1 0 -1 
-1 -1 0 
1 -1 0 
1 1 0 
-1 1 0 
0 -1 1 
1 0 1 
0 1 1 
-1 0 1 
0 0 -1 
0 -1 0 
1 0 0 
0 1 0 
-1 0 0 
0 0 1 
0 0 0 

7 8 0  1  2  3  4  5  6  7  
7 8 0  8  20  11  12  21  26  24  
7 8 8  1  9  20  21  13  22  26  
7 8 20  9  2  10  26  22  14  23  
7 8 11  20  10  3  24  26  23  15  
7 8 12  21  26  24  4  16  25  19  
7 8 21  13  22  26  16  5  17  25  
7 8 26  22  14  23  25  17  6  18  
7 8 24  26  23  15  19  25  18  7  

48 8 8 8 8 8 8 8 8 8 8 8 8 8 8 8 8 8 8 8 8 8 8 8 8 8 8 8 8 8 8 8 8 8 8 8 8 8 8 8 8 8 8 8 8 8 8 8 8 
-1 -1 -1 -1 -1 -1 -1 -1 0 0 0 0 0 0 0 0 0 0 0 0 2 2 2 2 2 2 8 
9 5

52 Hex000000001000000000000000000

-1 -1 -1 
1 -1 -1 
1 1 -1 
-1 1 -1 
-1 -1 1 
1 -1 1 
1 1 1 
-1 1 1 
0 -1 -1 

7 8 0  1  2  3  4  5  6  7  
5 5 1  2  6  5  8  
5 5 2  3  7  6  8  
5 5 0  3  7  4  8  
5 5 4  5  6  7  8  

48 52 52 0 0 53 54 52 52 53 54 53 54 0 0 0 0 0 0 55 56 57 58 59 60 55 56 57 58 59 60 55 56 57 58 59 60 0 0 61 62 0 63 61 62 61 62 63 63 
-1 -1 -1 -1 -1 -1 -1 -1 0 -1 -1 -1 -1 -1 -1 -1 -1 -1 -1 -1 9 9 -1 -1 -1 -1 52 
9 5

53 Hex000000000001000000000000000

-1 -1 -1 
-1 1 -1 
1 1 -1 
1 -1 -1 
-1 -1 1 
-1 1 1 
1 1 1 
1 -1 1 
-1 0 -1 

7 8 0  3  2  1  4  7  6  5  
5 5 1  2  6  5  8  
5 5 2  3  7  6  8  
5 5 0  3  7  4  8  
5 5 4  5  6  7  8  

0 
-1 -1 -1 -1 -1 -1 -1 -1 -1 -1 -1 0 -1 -1 -1 -1 -1 -1 -1 -1 10 -1 -1 -1 9 -1 53 
9 5

54 Hex000000000000100000000000000

-1 -1 -1 
-1 -1 1 
1 -1 1 
1 -1 -1 
-1 1 -1 
-1 1 1 
1 1 1 
1 1 -1 
-1 -1 0 

7 8 0  3  7  4  1  2  6  5  
5 5 1  2  6  5  8  
5 5 2  3  7  6  8  
5 5 0  3  7  4  8  
5 5 4  5  6  7  8  

0 
-1 -1 -1 -1 -1 -1 -1 -1 -1 -1 -1 -1 0 -1 -1 -1 -1 -1 -1 -1 -1 10 -1 -1 10 -1 54 
9 5

55 Hex000000000100000000000000000

1 1 -1 
1 -1 -1 
-1 -1 -1 
-1 1 -1 
1 1 1 
1 -1 1 
-1 -1 1 
-1 1 1 
1 0 -1 

7 8 2  1  0  3  6  5  4  7  
5 5 1  2  6  5  8  
5 5 2  3  7  6  8  
5 5 0  3  7  4  8  
5 5 4  5  6  7  8  

0 
-1 -1 -1 -1 -1 -1 -1 -1 -1 0 -1 -1 -1 -1 -1 -1 -1 -1 -1 -1 11 -1 9 -1 -1 -1 55 
9 5

56 Hex000000000000010000000000000

1 -1 1 
1 -1 -1 
-1 -1 -1 
-1 -1 1 
1 1 1 
1 1 -1 
-1 1 -1 
-1 1 1 
1 -1 0 

7 8 2  1  5  6  3  0  4  7  
5 5 1  2  6  5  8  
5 5 2  3  7  6  8  
5 5 0  3  7  4  8  
5 5 4  5  6  7  8  

0 
-1 -1 -1 -1 -1 -1 -1 -1 -1 -1 -1 -1 -1 0 -1 -1 -1 -1 -1 -1 -1 11 10 -1 -1 -1 56 
9 5

57 Hex000000000010000000000000000

1 1 -1 
-1 1 -1 
-1 -1 -1 
1 -1 -1 
1 1 1 
-1 1 1 
-1 -1 1 
1 -1 1 
0 1 -1 

7 8 2  3  0  1  6  7  4  5  
5 5 1  2  6  5  8  
5 5 2  3  7  6  8  
5 5 0  3  7  4  8  
5 5 4  5  6  7  8  

0 
-1 -1 -1 -1 -1 -1 -1 -1 -1 -1 0 -1 -1 -1 -1 -1 -1 -1 -1 -1 12 -1 -1 9 -1 -1 57 
9 5

58 Hex000000000000000010000000000

1 -1 1 
-1 -1 1 
-1 -1 -1 
1 -1 -1 
1 1 1 
-1 1 1 
-1 1 -1 
1 1 -1 
0 -1 1 

7 8 2  3  7  6  1  0  4  5  
5 5 1  2  6  5  8  
5 5 2  3  7  6  8  
5 5 0  3  7  4  8  
5 5 4  5  6  7  8  

0 
-1 -1 -1 -1 -1 -1 -1 -1 -1 -1 -1 -1 -1 -1 -1 -1 0 -1 -1 -1 -1 12 -1 -1 -1 9 58 
9 5

59 Hex000000000000000100000000000

-1 1 1 
-1 1 -1 
-1 -1 -1 
-1 -1 1 
1 1 1 
1 1 -1 
1 -1 -1 
1 -1 1 
-1 1 0 

7 8 2  6  5  1  3  7  4  0  
5 5 1  2  6  5  8  
5 5 2  3  7  6  8  
5 5 0  3  7  4  8  
5 5 4  5  6  7  8  

0 
-1 -1 -1 -1 -1 -1 -1 -1 -1 -1 -1 -1 -1 -1 -1 0 -1 -1 -1 -1 -1 -1 -1 10 11 -1 59 
9 5

60 Hex000000000000000000010000000

-1 1 1 
-1 -1 1 
-1 -1 -1 
-1 1 -1 
1 1 1 
1 -1 1 
1 -1 -1 
1 1 -1 
-1 0 1 

7 8 2  6  7  3  1  5  4  0  
5 5 1  2  6  5  8  
5 5 2  3  7  6  8  
5 5 0  3  7  4  8  
5 5 4  5  6  7  8  

0 
-1 -1 -1 -1 -1 -1 -1 -1 -1 -1 -1 -1 -1 -1 -1 -1 -1 -1 -1 0 -1 -1 -1 -1 12 10 60 
9 5

61 Hex000000000000001000000000000

1 1 1 
1 1 -1 
1 -1 -1 
1 -1 1 
-1 1 1 
-1 1 -1 
-1 -1 -1 
-1 -1 1 
1 1 0 

7 8 6  2  1  5  7  3  0  4  
5 5 1  2  6  5  8  
5 5 2  3  7  6  8  
5 5 0  3  7  4  8  
5 5 4  5  6  7  8  

0 
-1 -1 -1 -1 -1 -1 -1 -1 -1 -1 -1 -1 -1 -1 0 -1 -1 -1 -1 -1 -1 -1 11 11 -1 -1 61 
9 5

62 Hex000000000000000001000000000

1 1 1 
1 -1 1 
1 -1 -1 
1 1 -1 
-1 1 1 
-1 -1 1 
-1 -1 -1 
-1 1 -1 
1 0 1 

7 8 6  2  3  7  5  1  0  4  
5 5 1  2  6  5  8  
5 5 2  3  7  6  8  
5 5 0  3  7  4  8  
5 5 4  5  6  7  8  

0 
-1 -1 -1 -1 -1 -1 -1 -1 -1 -1 -1 -1 -1 -1 -1 -1 -1 0 -1 -1 -1 -1 12 -1 -1 11 62 
9 5

63 Hex000000000000000000100000000

1 1 1 
-1 1 1 
-1 1 -1 
1 1 -1 
1 -1 1 
-1 -1 1 
-1 -1 -1 
1 -1 -1 
0 1 1 

7 8 6  7  3  2  5  4  0  1  
5 5 1  2  6  5  8  
5 5 2  3  7  6  8  
5 5 0  3  7  4  8  
5 5 4  5  6  7  8  

0 
-1 -1 -1 -1 -1 -1 -1 -1 -1 -1 -1 -1 -1 -1 -1 -1 -1 -1 0 -1 -1 -1 -1 12 -1 12 63 
12 3

64 Hex000000000000111100000

-1 -1 -1 
1 -1 -1 
1 1 -1 
-1 1 -1 
-1 -1 1 
1 -1 1 
1 1 1 
-1 1 1 
-1 -1 0 
1 -1 0 
1 1 0 
-1 1 0 

7 8 0  1  2  3  4  5  6  7  
7 8 0  1  2  3  8  9  10  11  
7 8 8  9  10  11  4  5  6  7  

48 64 0 64 65 0 66 64 65 64 65 66 66 64 65 64 65 66 66 64 65 64 65 66 66 66 66 65 64 65 64 66 66 65 64 65 64 66 66 65 64 65 64 66 66 65 64 65 64 
-1 -1 -1 -1 -1 -1 -1 -1 -1 -1 -1 -1 0 0 0 0 -1 -1 -1 -1 -1 47 47 47 47 -1 64 
12 3

65 Hex000000000101000001010000000

-1 -1 -1 
1 -1 -1 
1 -1 1 
-1 -1 1 
-1 1 -1 
1 1 -1 
1 1 1 
-1 1 1 
-1 0 -1 
1 0 -1 
1 0 1 
-1 0 1 

7 8 0  1  5  4  3  2  6  7  
7 8 0  1  2  3  8  9  10  11  
7 8 8  9  10  11  4  5  6  7  

0 
-1 -1 -1 -1 -1 -1 -1 -1 -1 0 -1 0 -1 -1 -1 -1 -1 0 -1 0 47 -1 46 -1 46 47 65 
12 3

66 Hex000000001010000010100000000

-1 -1 -1 
-1 1 -1 
-1 1 1 
-1 -1 1 
1 -1 -1 
1 1 -1 
1 1 1 
1 -1 1 
0 -1 -1 
0 1 -1 
0 1 1 
0 -1 1 

7 8 0  4  5  1  3  7  6  2  
7 8 0  1  2  3  8  9  10  11  
7 8 8  9  10  11  4  5  6  7  

0 
-1 -1 -1 -1 -1 -1 -1 -1 0 -1 0 -1 -1 -1 -1 -1 0 -1 0 -1 46 46 -1 46 -1 46 66 
12 5

67 Hex000000000000100110100000000

-1 -1 -1 
1 -1 -1 
1 1 -1 
-1 1 -1 
-1 -1 1 
1 -1 1 
1 1 1 
-1 1 1 
-1 -1 0 
-1 1 0 
0 -1 1 
0 1 1 

7 8 0  1  2  3  4  5  6  7  
6 6 0  1  8  3  2  9  
6 6 8  1  10  9  2  11  
6 6 10  1  5  11  2  6  
6 6 8  10  4  9  11  7  

48 67 0 0 0 0 0 0 0 0 75 74 73 75 75 73 74 73 74 69 70 67 68 72 71 0 0 76 77 0 78 68 67 71 72 69 70 67 68 69 70 71 72 77 76 78 78 76 77 
-1 -1 -1 -1 -1 -1 -1 -1 -1 -1 -1 -1 0 -1 -1 0 0 -1 0 -1 -1 26 -1 26 47 46 67 
12 5

68 Hex000000000011000000110000000

-1 -1 -1 
1 -1 -1 
1 -1 1 
-1 -1 1 
-1 1 -1 
1 1 -1 
1 1 1 
-1 1 1 
-1 0 -1 
-1 0 1 
0 1 -1 
0 1 1 

7 8 0  1  5  4  3  2  6  7  
6 6 0  1  8  3  2  9  
6 6 8  1  10  9  2  11  
6 6 10  1  5  11  2  6  
6 6 8  10  4  9  11  7  

0 
-1 -1 -1 -1 -1 -1 -1 -1 -1 -1 0 0 -1 -1 -1 -1 -1 -1 0 0 26 -1 -1 46 46 26 68 
12 5

69 Hex000000000000110001010000000

-1 -1 -1 
-1 1 -1 
1 1 -1 
1 -1 -1 
-1 -1 1 
-1 1 1 
1 1 1 
1 -1 1 
-1 -1 0 
1 -1 0 
-1 0 1 
1 0 1 

7 8 0  3  2  1  4  7  6  5  
6 6 0  1  8  3  2  9  
6 6 8  1  10  9  2  11  
6 6 10  1  5  11  2  6  
6 6 8  10  4  9  11  7  

0 
-1 -1 -1 -1 -1 -1 -1 -1 -1 -1 -1 -1 0 0 -1 -1 -1 0 -1 0 -1 47 26 -1 26 47 69 
12 5

70 Hex000000000101001100000000000

-1 -1 -1 
-1 -1 1 
1 -1 1 
1 -1 -1 
-1 1 -1 
-1 1 1 
1 1 1 
1 1 -1 
-1 0 -1 
1 0 -1 
-1 1 0 
1 1 0 

7 8 0  3  7  4  1  2  6  5  
6 6 0  1  8  3  2  9  
6 6 8  1  10  9  2  11  
6 6 10  1  5  11  2  6  
6 6 8  10  4  9  11  7  

0 
-1 -1 -1 -1 -1 -1 -1 -1 -1 0 -1 0 -1 -1 0 0 -1 -1 -1 -1 47 -1 25 47 25 -1 70 
12 5

71 Hex000000001100000011000000000

-1 -1 -1 
-1 1 -1 
-1 1 1 
-1 -1 1 
1 -1 -1 
1 1 -1 
1 1 1 
1 -1 1 
0 -1 -1 
0 -1 1 
1 0 -1 
1 0 1 

7 8 0  4  5  1  3  7  6  2  
6 6 0  1  8  3  2  9  
6 6 8  1  10  9  2  11  
6 6 10  1  5  11  2  6  
6 6 8  10  4  9  11  7  

0 
-1 -1 -1 -1 -1 -1 -1 -1 0 0 -1 -1 -1 -1 -1 -1 0 0 -1 -1 25 46 46 -1 -1 25 71 
12 5

72 Hex000000001010011000000000000

-1 -1 -1 
-1 -1 1 
-1 1 1 
-1 1 -1 
1 -1 -1 
1 -1 1 
1 1 1 
1 1 -1 
0 -1 -1 
0 1 -1 
1 -1 0 
1 1 0 

7 8 0  4  7  3  1  5  6  2  
6 6 0  1  8  3  2  9  
6 6 8  1  10  9  2  11  
6 6 10  1  5  11  2  6  
6 6 8  10  4  9  11  7  

0 
-1 -1 -1 -1 -1 -1 -1 -1 0 -1 0 -1 -1 0 0 -1 -1 -1 -1 -1 46 25 47 25 -1 -1 72 
12 5

73 Hex000000000000011010100000000

1 -1 -1 
-1 -1 -1 
-1 1 -1 
1 1 -1 
1 -1 1 
-1 -1 1 
-1 1 1 
1 1 1 
1 -1 0 
1 1 0 
0 -1 1 
0 1 1 

7 8 1  0  3  2  5  4  7  6  
6 6 0  1  8  3  2  9  
6 6 8  1  10  9  2  11  
6 6 10  1  5  11  2  6  
6 6 8  10  4  9  11  7  

0 
-1 -1 -1 -1 -1 -1 -1 -1 -1 -1 -1 -1 -1 0 0 -1 0 -1 0 -1 -1 28 47 28 -1 46 73 
12 5

74 Hex000000000110000001100000000

1 -1 -1 
-1 -1 -1 
-1 -1 1 
1 -1 1 
1 1 -1 
-1 1 -1 
-1 1 1 
1 1 1 
1 0 -1 
1 0 1 
0 1 -1 
0 1 1 

7 8 1  0  4  5  2  3  7  6  
6 6 0  1  8  3  2  9  
6 6 8  1  10  9  2  11  
6 6 10  1  5  11  2  6  
6 6 8  10  4  9  11  7  

0 
-1 -1 -1 -1 -1 -1 -1 -1 -1 0 0 -1 -1 -1 -1 -1 -1 0 0 -1 28 -1 46 46 -1 28 74 
12 5

75 Hex000000000000001101010000000

-1 1 -1 
-1 -1 -1 
1 -1 -1 
1 1 -1 
-1 1 1 
-1 -1 1 
1 -1 1 
1 1 1 
-1 1 0 
1 1 0 
-1 0 1 
1 0 1 

7 8 1  2  3  0  5  6  7  4  
6 6 0  1  8  3  2  9  
6 6 8  1  10  9  2  11  
6 6 10  1  5  11  2  6  
6 6 8  10  4  9  11  7  

0 
-1 -1 -1 -1 -1 -1 -1 -1 -1 -1 -1 -1 -1 -1 0 0 -1 0 -1 0 -1 -1 28 47 28 47 75 
12 5

76 Hex000000001001000010010000000

1 -1 -1 
1 1 -1 
1 1 1 
1 -1 1 
-1 -1 -1 
-1 1 -1 
-1 1 1 
-1 -1 1 
0 -1 -1 
0 -1 1 
-1 0 -1 
-1 0 1 

7 8 4  0  1  5  7  3  2  6  
6 6 0  1  8  3  2  9  
6 6 8  1  10  9  2  11  
6 6 10  1  5  11  2  6  
6 6 8  10  4  9  11  7  

0 
-1 -1 -1 -1 -1 -1 -1 -1 0 -1 -1 0 -1 -1 -1 -1 0 -1 -1 0 27 46 -1 -1 46 27 76 
12 5

77 Hex000000001010100100000000000

1 -1 -1 
1 -1 1 
1 1 1 
1 1 -1 
-1 -1 -1 
-1 -1 1 
-1 1 1 
-1 1 -1 
0 -1 -1 
0 1 -1 
-1 -1 0 
-1 1 0 

7 8 4  0  3  7  5  1  2  6  
6 6 0  1  8  3  2  9  
6 6 8  1  10  9  2  11  
6 6 10  1  5  11  2  6  
6 6 8  10  4  9  11  7  

0 
-1 -1 -1 -1 -1 -1 -1 -1 0 -1 0 -1 0 -1 -1 0 -1 -1 -1 -1 46 27 -1 27 47 -1 77 
12 5

78 Hex000000000101110000000000000

-1 1 -1 
-1 1 1 
1 1 1 
1 1 -1 
-1 -1 -1 
-1 -1 1 
1 -1 1 
1 -1 -1 
-1 0 -1 
1 0 -1 
-1 -1 0 
1 -1 0 

7 8 4  7  3  0  5  6  2  1  
6 6 0  1  8  3  2  9  
6 6 8  1  10  9  2  11  
6 6 10  1  5  11  2  6  
6 6 8  10  4  9  11  7  

0 
-1 -1 -1 -1 -1 -1 -1 -1 -1 0 -1 0 0 0 -1 -1 -1 -1 -1 -1 47 47 27 -1 27 -1 78 
11 9

79 Hex000000000000010011000000000

-1 -1 -1 
1 -1 -1 
1 1 -1 
-1 1 -1 
-1 -1 1 
1 -1 1 
1 1 1 
-1 1 1 
0 -1 1 
1 0 1 
1 -1 0 

7 8 0  1  2  3  4  5  6  7  
5 5 0  1  2  3  10  
5 5 0  3  7  4  8  
5 5 3  2  6  7  9  
4 4 0  10  8  3  
4 4 2  9  10  3  
4 4 8  9  10  5  
4 4 8  9  7  3  
4 4 8  9  10  3  

48 79 0 0 81 80 79 0 0 82 83 0 84 79 80 81 81 80 79 0 85 85 85 85 85 83 82 84 84 82 83 0 86 86 86 86 86 83 82 84 84 82 83 81 81 79 80 79 80 
-1 -1 -1 -1 -1 -1 -1 -1 -1 -1 -1 -1 -1 0 -1 -1 0 0 -1 -1 -1 28 26 -1 -1 25 79 
11 9

80 Hex000000000110001000000000000

-1 -1 -1 
1 -1 -1 
1 -1 1 
-1 -1 1 
-1 1 -1 
1 1 -1 
1 1 1 
-1 1 1 
0 1 -1 
1 1 0 
1 0 -1 

7 8 0  1  5  4  3  2  6  7  
5 5 0  1  2  3  10  
5 5 0  3  7  4  8  
5 5 3  2  6  7  9  
4 4 0  10  8  3  
4 4 2  9  10  3  
4 4 8  9  10  5  
4 4 8  9  7  3  
4 4 8  9  10  3  

0 
-1 -1 -1 -1 -1 -1 -1 -1 -1 0 0 -1 -1 -1 0 -1 -1 -1 -1 -1 28 -1 25 25 -1 -1 80 
11 9

81 Hex000000000000000100110000000

-1 -1 -1 
-1 1 -1 
1 1 -1 
1 -1 -1 
-1 -1 1 
-1 1 1 
1 1 1 
1 -1 1 
-1 0 1 
0 1 1 
-1 1 0 

7 8 0  3  2  1  4  7  6  5  
5 5 0  1  2  3  10  
5 5 0  3  7  4  8  
5 5 3  2  6  7  9  
4 4 0  10  8  3  
4 4 2  9  10  3  
4 4 8  9  10  5  
4 4 8  9  7  3  
4 4 8  9  10  3  

0 
-1 -1 -1 -1 -1 -1 -1 -1 -1 -1 -1 -1 -1 -1 -1 0 -1 -1 0 0 -1 -1 -1 26 28 26 81 
11 9

82 Hex000000000000100010010000000

1 -1 -1 
-1 -1 -1 
-1 1 -1 
1 1 -1 
1 -1 1 
-1 -1 1 
-1 1 1 
1 1 1 
0 -1 1 
-1 0 1 
-1 -1 0 

7 8 1  0  3  2  5  4  7  6  
5 5 0  1  2  3  10  
5 5 0  3  7  4  8  
5 5 3  2  6  7  9  
4 4 0  10  8  3  
4 4 2  9  10  3  
4 4 8  9  10  5  
4 4 8  9  7  3  
4 4 8  9  10  3  

0 
-1 -1 -1 -1 -1 -1 -1 -1 -1 -1 -1 -1 0 -1 -1 -1 0 -1 -1 0 -1 26 -1 -1 26 27 82 
11 9

83 Hex000000000011000100000000000

1 -1 -1 
-1 -1 -1 
-1 -1 1 
1 -1 1 
1 1 -1 
-1 1 -1 
-1 1 1 
1 1 1 
0 1 -1 
-1 1 0 
-1 0 -1 

7 8 1  0  4  5  2  3  7  6  
5 5 0  1  2  3  10  
5 5 0  3  7  4  8  
5 5 3  2  6  7  9  
4 4 0  10  8  3  
4 4 2  9  10  3  
4 4 8  9  10  5  
4 4 8  9  7  3  
4 4 8  9  10  3  

0 
-1 -1 -1 -1 -1 -1 -1 -1 -1 -1 0 0 -1 -1 -1 0 -1 -1 -1 -1 26 -1 -1 27 25 -1 83 
11 9

84 Hex000000001100010000000000000

-1 1 -1 
-1 -1 -1 
-1 -1 1 
-1 1 1 
1 1 -1 
1 -1 -1 
1 -1 1 
1 1 1 
1 0 -1 
1 -1 0 
0 -1 -1 

7 8 1  5  4  0  2  6  7  3  
5 5 0  1  2  3  10  
5 5 0  3  7  4  8  
5 5 3  2  6  7  9  
4 4 0  10  8  3  
4 4 2  9  10  3  
4 4 8  9  10  5  
4 4 8  9  7  3  
4 4 8  9  10  3  

0 
-1 -1 -1 -1 -1 -1 -1 -1 0 0 -1 -1 -1 0 -1 -1 -1 -1 -1 -1 25 25 27 -1 -1 -1 84 
11 9

85 Hex000000000000001001100000000

1 -1 -1 
1 1 -1 
-1 1 -1 
-1 -1 -1 
1 -1 1 
1 1 1 
-1 1 1 
-1 -1 1 
1 0 1 
0 1 1 
1 1 0 

7 8 3  0  1  2  7  4  5  6  
5 5 0  1  2  3  10  
5 5 0  3  7  4  8  
5 5 3  2  6  7  9  
4 4 0  10  8  3  
4 4 2  9  10  3  
4 4 8  9  10  5  
4 4 8  9  7  3  
4 4 8  9  10  3  

0 
-1 -1 -1 -1 -1 -1 -1 -1 -1 -1 -1 -1 -1 -1 0 -1 -1 0 0 -1 -1 -1 28 28 -1 28 85 
11 9

86 Hex000000001001100000000000000

1 1 -1 
1 -1 -1 
1 -1 1 
1 1 1 
-1 1 -1 
-1 -1 -1 
-1 -1 1 
-1 1 1 
-1 0 -1 
-1 -1 0 
0 -1 -1 

7 8 5  1  0  4  6  2  3  7  
5 5 0  1  2  3  10  
5 5 0  3  7  4  8  
5 5 3  2  6  7  9  
4 4 0  10  8  3  
4 4 2  9  10  3  
4 4 8  9  10  5  
4 4 8  9  7  3  
4 4 8  9  10  3  

0 
-1 -1 -1 -1 -1 -1 -1 -1 0 -1 -1 0 0 -1 -1 -1 -1 -1 -1 -1 27 27 -1 -1 27 -1 86 
10 4

87 Hex000000000000011000000000000

-1 -1 -1 
1 -1 -1 
1 1 -1 
-1 1 -1 
-1 -1 1 
1 -1 1 
1 1 1 
-1 1 1 
1 -1 0 
1 1 0 

7 8 0  1  2  3  4  5  6  7  
6 6 0  1  8  3  2  9  
6 6 0  8  4  3  9  7  
6 6 4  8  5  7  9  6  

48 87 0 0 0 0 0 0 0 0 0 0 0 95 96 93 94 98 97 89 90 87 88 92 91 91 92 88 87 90 89 97 98 94 93 96 95 98 97 96 95 94 93 92 91 90 89 88 87 
-1 -1 -1 -1 -1 -1 -1 -1 -1 -1 -1 -1 -1 0 0 -1 -1 -1 -1 -1 -1 11 47 11 -1 -1 87 
10 4

88 Hex000000000100000001000000000

-1 -1 -1 
1 -1 -1 
1 -1 1 
-1 -1 1 
-1 1 -1 
1 1 -1 
1 1 1 
-1 1 1 
1 0 -1 
1 0 1 

7 8 0  1  5  4  3  2  6  7  
6 6 0  1  8  3  2  9  
6 6 0  8  4  3  9  7  
6 6 4  8  5  7  9  6  

0 
-1 -1 -1 -1 -1 -1 -1 -1 -1 0 -1 -1 -1 -1 -1 -1 -1 0 -1 -1 11 -1 46 -1 -1 11 88 
10 4

89 Hex000000000000001100000000000

-1 -1 -1 
-1 1 -1 
1 1 -1 
1 -1 -1 
-1 -1 1 
-1 1 1 
1 1 1 
1 -1 1 
-1 1 0 
1 1 0 

7 8 0  3  2  1  4  7  6  5  
6 6 0  1  8  3  2  9  
6 6 0  8  4  3  9  7  
6 6 4  8  5  7  9  6  

0 
-1 -1 -1 -1 -1 -1 -1 -1 -1 -1 -1 -1 -1 -1 0 0 -1 -1 -1 -1 -1 -1 11 47 11 -1 89 
10 4

90 Hex000000000000000001010000000

-1 -1 -1 
-1 -1 1 
1 -1 1 
1 -1 -1 
-1 1 -1 
-1 1 1 
1 1 1 
1 1 -1 
-1 0 1 
1 0 1 

7 8 0  3  7  4  1  2  6  5  
6 6 0  1  8  3  2  9  
6 6 0  8  4  3  9  7  
6 6 4  8  5  7  9  6  

0 
-1 -1 -1 -1 -1 -1 -1 -1 -1 -1 -1 -1 -1 -1 -1 -1 -1 0 -1 0 -1 -1 12 -1 12 47 90 
10 4

91 Hex000000000010000000100000000

-1 -1 -1 
-1 1 -1 
-1 1 1 
-1 -1 1 
1 -1 -1 
1 1 -1 
1 1 1 
1 -1 1 
0 1 -1 
0 1 1 

7 8 0  4  5  1  3  7  6  2  
6 6 0  1  8  3  2  9  
6 6 0  8  4  3  9  7  
6 6 4  8  5  7  9  6  

0 
-1 -1 -1 -1 -1 -1 -1 -1 -1 -1 0 -1 -1 -1 -1 -1 -1 -1 0 -1 12 -1 -1 46 -1 12 91 
10 4

92 Hex000000000000000010100000000

-1 -1 -1 
-1 -1 1 
-1 1 1 
-1 1 -1 
1 -1 -1 
1 -1 1 
1 1 1 
1 1 -1 
0 -1 1 
0 1 1 

7 8 0  4  7  3  1  5  6  2  
6 6 0  1  8  3  2  9  
6 6 0  8  4  3  9  7  
6 6 4  8  5  7  9  6  

0 
-1 -1 -1 -1 -1 -1 -1 -1 -1 -1 -1 -1 -1 -1 -1 -1 0 -1 0 -1 -1 12 -1 12 -1 46 92 
10 4

93 Hex000000000000100100000000000

1 -1 -1 
-1 -1 -1 
-1 1 -1 
1 1 -1 
1 -1 1 
-1 -1 1 
-1 1 1 
1 1 1 
-1 -1 0 
-1 1 0 

7 8 1  0  3  2  5  4  7  6  
6 6 0  1  8  3  2  9  
6 6 0  8  4  3  9  7  
6 6 4  8  5  7  9  6  

0 
-1 -1 -1 -1 -1 -1 -1 -1 -1 -1 -1 -1 0 -1 -1 0 -1 -1 -1 -1 -1 10 -1 10 47 -1 93 
10 4

94 Hex000000000001000000010000000

1 -1 -1 
-1 -1 -1 
-1 -1 1 
1 -1 1 
1 1 -1 
-1 1 -1 
-1 1 1 
1 1 1 
-1 0 -1 
-1 0 1 

7 8 1  0  4  5  2  3  7  6  
6 6 0  1  8  3  2  9  
6 6 0  8  4  3  9  7  
6 6 4  8  5  7  9  6  

0 
-1 -1 -1 -1 -1 -1 -1 -1 -1 -1 -1 0 -1 -1 -1 -1 -1 -1 -1 0 10 -1 -1 -1 46 10 94 
10 4

95 Hex000000000000110000000000000

-1 1 -1 
-1 -1 -1 
1 -1 -1 
1 1 -1 
-1 1 1 
-1 -1 1 
1 -1 1 
1 1 1 
-1 -1 0 
1 -1 0 

7 8 1  2  3  0  5  6  7  4  
6 6 0  1  8  3  2  9  
6 6 0  8  4  3  9  7  
6 6 4  8  5  7  9  6  

0 
-1 -1 -1 -1 -1 -1 -1 -1 -1 -1 -1 -1 0 0 -1 -1 -1 -1 -1 -1 -1 47 10 -1 10 -1 95 
10 4

96 Hex000000000101000000000000000

-1 -1 1 
-1 -1 -1 
1 -1 -1 
1 -1 1 
-1 1 1 
-1 1 -1 
1 1 -1 
1 1 1 
-1 0 -1 
1 0 -1 

7 8 1  2  6  5  0  3  7  4  
6 6 0  1  8  3  2  9  
6 6 0  8  4  3  9  7  
6 6 4  8  5  7  9  6  

0 
-1 -1 -1 -1 -1 -1 -1 -1 -1 0 -1 0 -1 -1 -1 -1 -1 -1 -1 -1 47 -1 9 -1 9 -1 96 
10 4

97 Hex000000001000000010000000000

-1 1 -1 
-1 -1 -1 
-1 -1 1 
-1 1 1 
1 1 -1 
1 -1 -1 
1 -1 1 
1 1 1 
0 -1 -1 
0 -1 1 

7 8 1  5  4  0  2  6  7  3  
6 6 0  1  8  3  2  9  
6 6 0  8  4  3  9  7  
6 6 4  8  5  7  9  6  

0 
-1 -1 -1 -1 -1 -1 -1 -1 0 -1 -1 -1 -1 -1 -1 -1 0 -1 -1 -1 9 46 -1 -1 -1 9 97 
10 4

98 Hex000000001010000000000000000

-1 -1 1 
-1 -1 -1 
-1 1 -1 
-1 1 1 
1 -1 1 
1 -1 -1 
1 1 -1 
1 1 1 
0 -1 -1 
0 1 -1 

7 8 1  5  6  2  0  4  7  3  
6 6 0  1  8  3  2  9  
6 6 0  8  4  3  9  7  
6 6 4  8  5  7  9  6  

0 
-1 -1 -1 -1 -1 -1 -1 -1 0 -1 0 -1 -1 -1 -1 -1 -1 -1 -1 -1 46 9 -1 9 -1 -1 98 
