            10  9  

            -50   UnifTetrahedras 

            0.    0.    0. 
            1.    0.    0. 
            0.    1.    0. 
            0.    0.    1. 
            0.5   0.    0. 
            0.5   0.5   0. 
            0.    0.5   0. 
            0.    0.    0.5 
            0.5   0.    0.5 
            0     0.5   0.5 
            4    4    0  1  2  3 
            4    4    0  4  6  7 
            4    4    4  1  5  8 
            4    4    5  2  6  9 
            4    4    7  8  9  3 
            4    4    4  5  6  7 
            4    4    7  8  9  5 
            4    4    5  6  9  7 
            4    4    4  5  8  7 
